IP Generator (Version 2020.3 build 62942)
Check out license ...
Start generating at 2020-12-22 14:29
Instance: ddr3_ov5640_hdmi (E:\14_1_ddr3_ov5640_hdmi\ipcore\ddr3_ov5640_hdmi\ddr3_ov5640_hdmi.idf)
Model: Logos DRM Based FIFO (1.5)
Part: Logos-PGL22G-MBG324--6
Create directory 'rtl' ...
Copy 'rtl\ipml_fifo_ctrl_v1_3.v' to 'rtl' ...
Copy 'rtl\ipml_fifo_v1_5.v.xml' to 'rtl' ...
Copy 'rtl\ipml_prefetch_fifo_v1_5.v.xml' to 'rtl' ...
Copy 'rtl\ipml_reg_fifo_v1_0.v' to 'rtl' ...
Copy 'rtl\ipml_sdpram_v1_5.v.xml' to 'rtl' ...
Compile file 'rtl\ipml_sdpram_v1_5.v.xml' to 'rtl\ipml_sdpram_v1_5_ddr3_ov5640_hdmi.v' ...
Compile file 'rtl\ipml_fifo_v1_5.v.xml' to 'rtl\ipml_fifo_v1_5_ddr3_ov5640_hdmi.v' ...
Compile file 'rtl\ipml_prefetch_fifo_v1_5.v.xml' to 'rtl\ipml_prefetch_fifo_v1_5_ddr3_ov5640_hdmi.v' ...
Copy 'ipml_fifo_wrapper_v1_5.v.xml' ...
Compile file 'ipml_fifo_wrapper_v1_5.v.xml' to 'ddr3_ov5640_hdmi.v' ...
Found top module 'ddr3_ov5640_hdmi' in file 'ddr3_ov5640_hdmi.v'.
Copy 'ipml_prefetch_fifo_wrapper_v1_5.v.xml' ...
Compile file 'ipml_prefetch_fifo_wrapper_v1_5.v.xml' to 'ddr3_ov5640_hdmi_prefetch.v' ...
Copy 'ipml_fifo_wrapper_v1_3_tb.v.xml' ...
Compile file 'ipml_fifo_wrapper_v1_3_tb.v.xml' to 'ddr3_ov5640_hdmi_tb.v' ...
Create template file 'ddr3_ov5640_hdmi_tmpl.v' ...
Create template file 'ddr3_ov5640_hdmi_tmpl.vhdl' ...
There are 4 source files to synthesize.
Synthesis is disabled.
Done: 0 error(s), 0 warning(s)
