#Build: Fabric Configuration 2021.1-SP7.3, Build 94852, May 25 15:09 2022
#Install: D:\Softwares\PDS_2021.1-SP7.3-ads\bin
#Application name: cdt_cfg.exe
#OS: Windows 10 10.0.19044
#Hostname: thesame
Generated by Fabric Configuration (version 2021.1-SP7.3 build 94852) at Mon Nov 21 20:38:34 2022
Connecting to server[127.0.0.1 : 65420].
Connect to server[127.0.0.1 : 65420] successfully.
COMMAND[check version information] execute successfully, takes 0.0 secs.
The cable List : 
Cable index 0:USB Cable II/fffffffffffffffe 

COMMAND[get_cable_paras] execute successfully, takes 0.7 secs.
PANGO USB CABLE II cable driver: D2XX DLL
E: JtagServer-0306: No devices detected while scanning the JTAG chain, failed detecting JTAG device chain.
E: Configuration-0008: The operation 'Open config cable' execute fail.
PANGO USB CABLE II cable driver: D2XX DLL
PGL22G
COMMAND[Open config cable] execute successfully, takes 2.2 secs.
COMMAND[Scan Outer SPI Flash] execute successfully, takes 1.2 secs.
The Start Address of bit file D:/Projects/FPGA_match/final_test_new_funcs/generate_bitstream/top.sbit: 0x0
The start address of operating flash is 0x0.
COMMAND[Erase Outer Flash] execute finish, takes 4.2 secs.
The start address of operating flash is 0x0.
COMMAND[Program Outer Flash] execute finish, takes 12.3 secs.
The start address of operating flash is 0x0.
COMMAND[Verify Outer Flash] execute successfully, takes 1.4 secs.
The start address of operating flash is 0x0.
COMMAND[Erase Outer Flash] execute finish, takes 4.2 secs.
The start address of operating flash is 0x0.
COMMAND[Program Outer Flash] execute finish, takes 12.3 secs.
The start address of operating flash is 0x0.
COMMAND[Verify Outer Flash] execute successfully, takes 1.2 secs.
