NOTE:  This version of the software is not a production release. No warranty is made as to the general availability of features and functionality included in this version or described in the accompanying documentation. The final contents of a production release and its timing remain at the sole discretion of Synopsys.

Starting:    C:\pango\PDS_2019.1-patch2\syn\bin64\mbin\synbatch.exe
Install:     C:\pango\PDS_2019.1-patch2\syn
Hostname:    ALINX000007-PC
Date:        Tue May  7 16:40:48 2019
Version:     P-2019.03P-Beta2

Arguments:   -product synplify_pro -licensetype synplifypro_pango -batch D:/example_ziguang/sd_picture_hdmi _ddrtest/ipcore/ddr3/pnr/ctrl_phy_22/synthesize/synplify_pro.prj -tclcmd project -run synthesis
ProductType: synplify_pro

License checkout: synplifypro_pango
License: synplifypro_pango node-locked 
Licensed Vendor: pango

Running in Vendor Mode

auto_infer_blackbox is not supported in current product.
log file: "D:\example_ziguang\sd_picture_hdmi _ddrtest\ipcore\ddr3\pnr\ctrl_phy_22\synthesize\synplify_impl\synplify.srr"
Running: synplify_impl in foreground

Running synplify_pro|synplify_impl

Running Flow: compile (Compile) on synplify_pro|synplify_impl
# Tue May  7 16:40:48 2019

Running Flow: compile_flow (Compile Process) on synplify_pro|synplify_impl
# Tue May  7 16:40:48 2019

Running: compiler (Compile Input) on synplify_pro|synplify_impl
# Tue May  7 16:40:48 2019

compiler completed
# Tue May  7 16:40:49 2019

Return Code: 0
Run Time:00h:00m:01s

Running: multi_srs_gen (Multi-srs Generator) on synplify_pro|synplify_impl
# Tue May  7 16:40:49 2019
Up-To-Date: multi_srs_gen. No run necessary
Copied D:\example_ziguang\sd_picture_hdmi _ddrtest\ipcore\ddr3\pnr\ctrl_phy_22\synthesize\synplify_impl\synplify.srr to D:\example_ziguang\sd_picture_hdmi _ddrtest\ipcore\ddr3\pnr\ctrl_phy_22\synthesize\synplify.log
Complete: Compile Process on synplify_pro|synplify_impl

Running: premap (Premap) on synplify_pro|synplify_impl
# Tue May  7 16:40:49 2019

premap completed with warnings
# Tue May  7 16:40:53 2019

Return Code: 1
Run Time:00h:00m:04s
Complete: Compile on synplify_pro|synplify_impl

Running Flow: map (Map) on synplify_pro|synplify_impl
# Tue May  7 16:40:53 2019

Running: fpga_mapper (Map & Optimize) on synplify_pro|synplify_impl
# Tue May  7 16:40:53 2019
Copied D:\example_ziguang\sd_picture_hdmi _ddrtest\ipcore\ddr3\pnr\ctrl_phy_22\synthesize\synplify_impl\synwork\synplify_m.srm to D:\example_ziguang\sd_picture_hdmi _ddrtest\ipcore\ddr3\pnr\ctrl_phy_22\synthesize\synplify_impl\synplify.srm

fpga_mapper completed with warnings
# Tue May  7 16:41:38 2019

Return Code: 1
Run Time:00h:00m:45s
Complete: Map on synplify_pro|synplify_impl
Copied D:\example_ziguang\sd_picture_hdmi _ddrtest\ipcore\ddr3\pnr\ctrl_phy_22\synthesize\synplify_impl\synplify.srr to D:\example_ziguang\sd_picture_hdmi _ddrtest\ipcore\ddr3\pnr\ctrl_phy_22\synthesize\synplify.log
Complete: Logic Synthesis on synplify_pro|synplify_impl
Running TCL Command: "project -run synthesis"
exit status=0
exit status=0
License checkin: synplifypro_pango
