#Build: Fabric Compiler 2021.1-SP7.3, Build 94852, May 25 15:09 2022
#Install: D:\Softwares\PDS_2021.1-SP7.3-ads\bin
#Application name: pds_shell.exe
#OS: Windows 10 10.0.19044
#Hostname: thesame
Generated by Fabric Compiler (version 2021.1-SP7.3 build 94852) at Sun Nov 20 13:26:20 2022
Compiling verification operator library.
Compiling common defs.
Compiling prim grid devices.
Compiling gate devices.
Compiling gate operators.
Building architecture model.
Loading device packaging model.
Reading design from DB.
Start Generating Programming File...
Reading design from DB takes 1.312500 sec.
Generating architecture configuration.
The bitstream file is "D:/Projects/FPGA_match/final_test_new_funcs/generate_bitstream/top.sbit"
Generate programming file takes 13.812500 sec.
Generating Programming File done.
Action gen_bit_stream: Real time elapsed is 18.000 sec
Action gen_bit_stream: CPU time elapsed is 16.719 sec
Current time: Sun Nov 20 13:26:37 2022
Action gen_bit_stream: Peak memory pool usage is 398,499,840 bytes
