#Build: Fabric Compiler 2021.1-SP7.3, Build 94852, May 25 15:09 2022
#Install: D:\Softwares\PDS_2021.1-SP7.3-ads\bin
#Application name: pds_shell.exe
#OS: Windows 10 10.0.19044
#Hostname: thesame
Generated by Fabric Compiler (version 2021.1-SP7.3 build 94852) at Tue Nov  8 14:53:07 2022
Compiling verification operator library.
Compiling common defs.
Compiling prim grid devices.
Compiling gate devices.
Compiling gate operators.
Building architecture model.
Loading device packaging model.
Reading design from DB.
Start Generating Programming File...
Reading design from DB takes 0.640625 sec.
Generating architecture configuration.
The bitstream file is "D:/Projects/FPGA_match/final_test/generate_bitstream/top.sbit"
Generate programming file takes 10.734375 sec.
Generating Programming File done.
Action gen_bit_stream: Real time elapsed is 15.000 sec
Action gen_bit_stream: CPU time elapsed is 14.219 sec
Current time: Tue Nov  8 14:53:21 2022
Action gen_bit_stream: Peak memory pool usage is 343,818,240 bytes
