#Build: Fabric Compiler 2021.1-SP7.3, Build 94852, May 25 15:09 2022
#Install: D:\Softwares\PDS_2021.1-SP7.3-ads\bin
#Application name: pds_shell.exe
#OS: Windows 10 10.0.19044
#Hostname: thesame
Generated by Fabric Compiler (version 2021.1-SP7.3 build 94852) at Sun Nov 20 15:37:01 2022
Compiling verification operator library.
Compiling common defs.
Compiling prim grid devices.
Compiling gate devices.
Compiling gate operators.
Building architecture model.
Loading device packaging model.
Reading design from DB.
Start Generating Programming File...
Reading design from DB takes 1.421875 sec.
Generating architecture configuration.
The bitstream file is "D:/Projects/FPGA_match/final_test_new_funcs/generate_bitstream/top.sbit"
Generate programming file takes 14.906250 sec.
Generating Programming File done.
Action gen_bit_stream: Real time elapsed is 19.000 sec
Action gen_bit_stream: CPU time elapsed is 17.750 sec
Current time: Sun Nov 20 15:37:18 2022
Action gen_bit_stream: Peak memory pool usage is 395,976,704 bytes
