#Build: Fabric Compiler 2021.1-SP7.3, Build 94852, May 25 15:09 2022
#Install: D:\Softwares\PDS_2021.1-SP7.3-ads\bin
#Application name: pds_shell.exe
#OS: Windows 10 10.0.19044
#Hostname: thesame
Generated by Fabric Compiler (version 2021.1-SP7.3 build 94852) at Tue Nov  8 15:10:15 2022
Compiling verification operator library.
Compiling common defs.
Compiling prim grid devices.
Compiling gate devices.
Compiling gate operators.
Building architecture model.
Loading device packaging model.
I: Parameter configuration file D:/Projects/FPGA_match/final_test/testparam.txt cannot open.
Starting placement and routing flow. (CPU time elapsed 0h:00m:00s)
Reading design from devmap DB.
Building architecture floorplan logic view.
Executing : apply_constraint -f D:/Projects/FPGA_match/final_test/device_map/top.pcf
Constraint check start.
Executing : def_port {pad_dq_ch0[0]} -LOC T8 -VCCIO 1.5 -IOSTANDARD SSTL15_I -DRIVE 7.5 -SLEW FAST -VREF_MODE IN -VREF_MODE_VALUE 0.5 -DDR_TERM_MODE ON -BUS_KEEPER UNUSED
Executing : def_port {pad_dq_ch0[0]} -LOC T8 -VCCIO 1.5 -IOSTANDARD SSTL15_I -DRIVE 7.5 -SLEW FAST -VREF_MODE IN -VREF_MODE_VALUE 0.5 -DDR_TERM_MODE ON -BUS_KEEPER UNUSED successfully.
Executing : def_port {pad_dq_ch0[1]} -LOC T6 -VCCIO 1.5 -IOSTANDARD SSTL15_I -DRIVE 7.5 -SLEW FAST -VREF_MODE IN -VREF_MODE_VALUE 0.5 -DDR_TERM_MODE ON -BUS_KEEPER UNUSED
Executing : def_port {pad_dq_ch0[1]} -LOC T6 -VCCIO 1.5 -IOSTANDARD SSTL15_I -DRIVE 7.5 -SLEW FAST -VREF_MODE IN -VREF_MODE_VALUE 0.5 -DDR_TERM_MODE ON -BUS_KEEPER UNUSED successfully.
Executing : def_port {pad_dq_ch0[2]} -LOC R6 -VCCIO 1.5 -IOSTANDARD SSTL15_I -DRIVE 7.5 -SLEW FAST -VREF_MODE IN -VREF_MODE_VALUE 0.5 -DDR_TERM_MODE ON -BUS_KEEPER UNUSED
Executing : def_port {pad_dq_ch0[2]} -LOC R6 -VCCIO 1.5 -IOSTANDARD SSTL15_I -DRIVE 7.5 -SLEW FAST -VREF_MODE IN -VREF_MODE_VALUE 0.5 -DDR_TERM_MODE ON -BUS_KEEPER UNUSED successfully.
Executing : def_port {pad_dq_ch0[3]} -LOC R9 -VCCIO 1.5 -IOSTANDARD SSTL15_I -DRIVE 7.5 -SLEW FAST -VREF_MODE IN -VREF_MODE_VALUE 0.5 -DDR_TERM_MODE ON -BUS_KEEPER UNUSED
Executing : def_port {pad_dq_ch0[3]} -LOC R9 -VCCIO 1.5 -IOSTANDARD SSTL15_I -DRIVE 7.5 -SLEW FAST -VREF_MODE IN -VREF_MODE_VALUE 0.5 -DDR_TERM_MODE ON -BUS_KEEPER UNUSED successfully.
Executing : def_port {pad_dq_ch0[4]} -LOC T9 -VCCIO 1.5 -IOSTANDARD SSTL15_I -DRIVE 7.5 -SLEW FAST -VREF_MODE IN -VREF_MODE_VALUE 0.5 -DDR_TERM_MODE ON -BUS_KEEPER UNUSED
Executing : def_port {pad_dq_ch0[4]} -LOC T9 -VCCIO 1.5 -IOSTANDARD SSTL15_I -DRIVE 7.5 -SLEW FAST -VREF_MODE IN -VREF_MODE_VALUE 0.5 -DDR_TERM_MODE ON -BUS_KEEPER UNUSED successfully.
Executing : def_port {pad_dq_ch0[5]} -LOC N4 -VCCIO 1.5 -IOSTANDARD SSTL15_I -DRIVE 7.5 -SLEW FAST -VREF_MODE IN -VREF_MODE_VALUE 0.5 -DDR_TERM_MODE ON -BUS_KEEPER UNUSED
Executing : def_port {pad_dq_ch0[5]} -LOC N4 -VCCIO 1.5 -IOSTANDARD SSTL15_I -DRIVE 7.5 -SLEW FAST -VREF_MODE IN -VREF_MODE_VALUE 0.5 -DDR_TERM_MODE ON -BUS_KEEPER UNUSED successfully.
Executing : def_port {pad_dq_ch0[6]} -LOC N5 -VCCIO 1.5 -IOSTANDARD SSTL15_I -DRIVE 7.5 -SLEW FAST -VREF_MODE IN -VREF_MODE_VALUE 0.5 -DDR_TERM_MODE ON -BUS_KEEPER UNUSED
Executing : def_port {pad_dq_ch0[6]} -LOC N5 -VCCIO 1.5 -IOSTANDARD SSTL15_I -DRIVE 7.5 -SLEW FAST -VREF_MODE IN -VREF_MODE_VALUE 0.5 -DDR_TERM_MODE ON -BUS_KEEPER UNUSED successfully.
Executing : def_port {pad_dq_ch0[7]} -LOC P6 -VCCIO 1.5 -IOSTANDARD SSTL15_I -DRIVE 7.5 -SLEW FAST -VREF_MODE IN -VREF_MODE_VALUE 0.5 -DDR_TERM_MODE ON -BUS_KEEPER UNUSED
Executing : def_port {pad_dq_ch0[7]} -LOC P6 -VCCIO 1.5 -IOSTANDARD SSTL15_I -DRIVE 7.5 -SLEW FAST -VREF_MODE IN -VREF_MODE_VALUE 0.5 -DDR_TERM_MODE ON -BUS_KEEPER UNUSED successfully.
Executing : def_port {pad_dq_ch0[8]} -LOC T4 -VCCIO 1.5 -IOSTANDARD SSTL15_I -DRIVE 7.5 -SLEW FAST -VREF_MODE IN -VREF_MODE_VALUE 0.5 -DDR_TERM_MODE ON -BUS_KEEPER UNUSED
Executing : def_port {pad_dq_ch0[8]} -LOC T4 -VCCIO 1.5 -IOSTANDARD SSTL15_I -DRIVE 7.5 -SLEW FAST -VREF_MODE IN -VREF_MODE_VALUE 0.5 -DDR_TERM_MODE ON -BUS_KEEPER UNUSED successfully.
Executing : def_port {pad_dq_ch0[9]} -LOC V9 -VCCIO 1.5 -IOSTANDARD SSTL15_I -DRIVE 7.5 -SLEW FAST -VREF_MODE IN -VREF_MODE_VALUE 0.5 -DDR_TERM_MODE ON -BUS_KEEPER UNUSED
Executing : def_port {pad_dq_ch0[9]} -LOC V9 -VCCIO 1.5 -IOSTANDARD SSTL15_I -DRIVE 7.5 -SLEW FAST -VREF_MODE IN -VREF_MODE_VALUE 0.5 -DDR_TERM_MODE ON -BUS_KEEPER UNUSED successfully.
Executing : def_port {pad_dq_ch0[10]} -LOC U9 -VCCIO 1.5 -IOSTANDARD SSTL15_I -DRIVE 7.5 -SLEW FAST -VREF_MODE IN -VREF_MODE_VALUE 0.5 -DDR_TERM_MODE ON -BUS_KEEPER UNUSED
Executing : def_port {pad_dq_ch0[10]} -LOC U9 -VCCIO 1.5 -IOSTANDARD SSTL15_I -DRIVE 7.5 -SLEW FAST -VREF_MODE IN -VREF_MODE_VALUE 0.5 -DDR_TERM_MODE ON -BUS_KEEPER UNUSED successfully.
Executing : def_port {pad_dq_ch0[11]} -LOC V7 -VCCIO 1.5 -IOSTANDARD SSTL15_I -DRIVE 7.5 -SLEW FAST -VREF_MODE IN -VREF_MODE_VALUE 0.5 -DDR_TERM_MODE ON -BUS_KEEPER UNUSED
Executing : def_port {pad_dq_ch0[11]} -LOC V7 -VCCIO 1.5 -IOSTANDARD SSTL15_I -DRIVE 7.5 -SLEW FAST -VREF_MODE IN -VREF_MODE_VALUE 0.5 -DDR_TERM_MODE ON -BUS_KEEPER UNUSED successfully.
Executing : def_port {pad_dq_ch0[12]} -LOC U7 -VCCIO 1.5 -IOSTANDARD SSTL15_I -DRIVE 7.5 -SLEW FAST -VREF_MODE IN -VREF_MODE_VALUE 0.5 -DDR_TERM_MODE ON -BUS_KEEPER UNUSED
Executing : def_port {pad_dq_ch0[12]} -LOC U7 -VCCIO 1.5 -IOSTANDARD SSTL15_I -DRIVE 7.5 -SLEW FAST -VREF_MODE IN -VREF_MODE_VALUE 0.5 -DDR_TERM_MODE ON -BUS_KEEPER UNUSED successfully.
Executing : def_port {pad_dq_ch0[13]} -LOC V6 -VCCIO 1.5 -IOSTANDARD SSTL15_I -DRIVE 7.5 -SLEW FAST -VREF_MODE IN -VREF_MODE_VALUE 0.5 -DDR_TERM_MODE ON -BUS_KEEPER UNUSED
Executing : def_port {pad_dq_ch0[13]} -LOC V6 -VCCIO 1.5 -IOSTANDARD SSTL15_I -DRIVE 7.5 -SLEW FAST -VREF_MODE IN -VREF_MODE_VALUE 0.5 -DDR_TERM_MODE ON -BUS_KEEPER UNUSED successfully.
Executing : def_port {pad_dq_ch0[14]} -LOC U6 -VCCIO 1.5 -IOSTANDARD SSTL15_I -DRIVE 7.5 -SLEW FAST -VREF_MODE IN -VREF_MODE_VALUE 0.5 -DDR_TERM_MODE ON -BUS_KEEPER UNUSED
Executing : def_port {pad_dq_ch0[14]} -LOC U6 -VCCIO 1.5 -IOSTANDARD SSTL15_I -DRIVE 7.5 -SLEW FAST -VREF_MODE IN -VREF_MODE_VALUE 0.5 -DDR_TERM_MODE ON -BUS_KEEPER UNUSED successfully.
Executing : def_port {pad_dq_ch0[15]} -LOC V5 -VCCIO 1.5 -IOSTANDARD SSTL15_I -DRIVE 7.5 -SLEW FAST -VREF_MODE IN -VREF_MODE_VALUE 0.5 -DDR_TERM_MODE ON -BUS_KEEPER UNUSED
Executing : def_port {pad_dq_ch0[15]} -LOC V5 -VCCIO 1.5 -IOSTANDARD SSTL15_I -DRIVE 7.5 -SLEW FAST -VREF_MODE IN -VREF_MODE_VALUE 0.5 -DDR_TERM_MODE ON -BUS_KEEPER UNUSED successfully.
Executing : def_port {pad_dqs_ch0[0]} -LOC N6 -VCCIO 1.5 -IOSTANDARD SSTL15D_I -DRIVE 7.5 -SLEW FAST -DDR_TERM_MODE ON -BUS_KEEPER UNUSED
Executing : def_port {pad_dqs_ch0[0]} -LOC N6 -VCCIO 1.5 -IOSTANDARD SSTL15D_I -DRIVE 7.5 -SLEW FAST -DDR_TERM_MODE ON -BUS_KEEPER UNUSED successfully.
Executing : def_port {pad_dqs_ch0[1]} -LOC U8 -VCCIO 1.5 -IOSTANDARD SSTL15D_I -DRIVE 7.5 -SLEW FAST -DDR_TERM_MODE ON -BUS_KEEPER UNUSED
Executing : def_port {pad_dqs_ch0[1]} -LOC U8 -VCCIO 1.5 -IOSTANDARD SSTL15D_I -DRIVE 7.5 -SLEW FAST -DDR_TERM_MODE ON -BUS_KEEPER UNUSED successfully.
Executing : def_port {pad_dqsn_ch0[0]} -LOC N7 -VCCIO 1.5 -IOSTANDARD SSTL15D_I -DRIVE 7.5 -SLEW FAST -DDR_TERM_MODE ON -BUS_KEEPER UNUSED
Executing : def_port {pad_dqsn_ch0[0]} -LOC N7 -VCCIO 1.5 -IOSTANDARD SSTL15D_I -DRIVE 7.5 -SLEW FAST -DDR_TERM_MODE ON -BUS_KEEPER UNUSED successfully.
Executing : def_port {pad_dqsn_ch0[1]} -LOC V8 -VCCIO 1.5 -IOSTANDARD SSTL15D_I -DRIVE 7.5 -SLEW FAST -DDR_TERM_MODE ON -BUS_KEEPER UNUSED
Executing : def_port {pad_dqsn_ch0[1]} -LOC V8 -VCCIO 1.5 -IOSTANDARD SSTL15D_I -DRIVE 7.5 -SLEW FAST -DDR_TERM_MODE ON -BUS_KEEPER UNUSED successfully.
Executing : def_port ds0 -LOC D17 -VCCIO 3.3 -IOSTANDARD LVTTL33 -DRIVE 4 -SLEW FAST
C: ConstraintEditor-2002: [D:/Projects/FPGA_match/final_test/device_map/top.pcf(line number: 23)] | Port ds0 has been placed at location D17, whose type is share pin.
Executing : def_port ds0 -LOC D17 -VCCIO 3.3 -IOSTANDARD LVTTL33 -DRIVE 4 -SLEW FAST successfully.
Executing : def_port ds1 -LOC E18 -VCCIO 3.3 -IOSTANDARD LVTTL33 -DRIVE 4 -SLEW FAST
C: ConstraintEditor-2002: [D:/Projects/FPGA_match/final_test/device_map/top.pcf(line number: 24)] | Port ds1 has been placed at location E18, whose type is share pin.
Executing : def_port ds1 -LOC E18 -VCCIO 3.3 -IOSTANDARD LVTTL33 -DRIVE 4 -SLEW FAST successfully.
Executing : def_port ds2 -LOC H13 -VCCIO 3.3 -IOSTANDARD LVTTL33 -DRIVE 4 -SLEW FAST
C: ConstraintEditor-2002: [D:/Projects/FPGA_match/final_test/device_map/top.pcf(line number: 25)] | Port ds2 has been placed at location H13, whose type is share pin.
Executing : def_port ds2 -LOC H13 -VCCIO 3.3 -IOSTANDARD LVTTL33 -DRIVE 4 -SLEW FAST successfully.
Executing : def_port ds3 -LOC G13 -VCCIO 3.3 -IOSTANDARD LVTTL33 -DRIVE 4 -SLEW FAST
C: ConstraintEditor-2002: [D:/Projects/FPGA_match/final_test/device_map/top.pcf(line number: 26)] | Port ds3 has been placed at location G13, whose type is share pin.
Executing : def_port ds3 -LOC G13 -VCCIO 3.3 -IOSTANDARD LVTTL33 -DRIVE 4 -SLEW FAST successfully.
Executing : def_port ds4 -LOC F13 -VCCIO 3.3 -IOSTANDARD LVTTL33 -DRIVE 4 -SLEW FAST
Executing : def_port ds4 -LOC F13 -VCCIO 3.3 -IOSTANDARD LVTTL33 -DRIVE 4 -SLEW FAST successfully.
Executing : def_port ds5 -LOC J17 -VCCIO 3.3 -IOSTANDARD LVTTL33 -DRIVE 4 -SLEW FAST
Executing : def_port ds5 -LOC J17 -VCCIO 3.3 -IOSTANDARD LVTTL33 -DRIVE 4 -SLEW FAST successfully.
Executing : def_port {pad_addr_ch0[0]} -LOC M4 -VCCIO 1.5 -IOSTANDARD SSTL15_I -DRIVE 7.5 -SLEW FAST -BUS_KEEPER UNUSED
Executing : def_port {pad_addr_ch0[0]} -LOC M4 -VCCIO 1.5 -IOSTANDARD SSTL15_I -DRIVE 7.5 -SLEW FAST -BUS_KEEPER UNUSED successfully.
Executing : def_port {pad_addr_ch0[1]} -LOC M3 -VCCIO 1.5 -IOSTANDARD SSTL15_I -DRIVE 7.5 -SLEW FAST -BUS_KEEPER UNUSED
Executing : def_port {pad_addr_ch0[1]} -LOC M3 -VCCIO 1.5 -IOSTANDARD SSTL15_I -DRIVE 7.5 -SLEW FAST -BUS_KEEPER UNUSED successfully.
Executing : def_port {pad_addr_ch0[2]} -LOC P2 -VCCIO 1.5 -IOSTANDARD SSTL15_I -DRIVE 7.5 -SLEW FAST -BUS_KEEPER UNUSED
Executing : def_port {pad_addr_ch0[2]} -LOC P2 -VCCIO 1.5 -IOSTANDARD SSTL15_I -DRIVE 7.5 -SLEW FAST -BUS_KEEPER UNUSED successfully.
Executing : def_port {pad_addr_ch0[3]} -LOC P1 -VCCIO 1.5 -IOSTANDARD SSTL15_I -DRIVE 7.5 -SLEW FAST -BUS_KEEPER UNUSED
Executing : def_port {pad_addr_ch0[3]} -LOC P1 -VCCIO 1.5 -IOSTANDARD SSTL15_I -DRIVE 7.5 -SLEW FAST -BUS_KEEPER UNUSED successfully.
Executing : def_port {pad_addr_ch0[4]} -LOC L5 -VCCIO 1.5 -IOSTANDARD SSTL15_I -DRIVE 7.5 -SLEW FAST -BUS_KEEPER UNUSED
Executing : def_port {pad_addr_ch0[4]} -LOC L5 -VCCIO 1.5 -IOSTANDARD SSTL15_I -DRIVE 7.5 -SLEW FAST -BUS_KEEPER UNUSED successfully.
Executing : def_port {pad_addr_ch0[5]} -LOC M5 -VCCIO 1.5 -IOSTANDARD SSTL15_I -DRIVE 7.5 -SLEW FAST -BUS_KEEPER UNUSED
Executing : def_port {pad_addr_ch0[5]} -LOC M5 -VCCIO 1.5 -IOSTANDARD SSTL15_I -DRIVE 7.5 -SLEW FAST -BUS_KEEPER UNUSED successfully.
Executing : def_port {pad_addr_ch0[6]} -LOC N2 -VCCIO 1.5 -IOSTANDARD SSTL15_I -DRIVE 7.5 -SLEW FAST -BUS_KEEPER UNUSED
Executing : def_port {pad_addr_ch0[6]} -LOC N2 -VCCIO 1.5 -IOSTANDARD SSTL15_I -DRIVE 7.5 -SLEW FAST -BUS_KEEPER UNUSED successfully.
Executing : def_port {pad_addr_ch0[7]} -LOC N1 -VCCIO 1.5 -IOSTANDARD SSTL15_I -DRIVE 7.5 -SLEW FAST -BUS_KEEPER UNUSED
Executing : def_port {pad_addr_ch0[7]} -LOC N1 -VCCIO 1.5 -IOSTANDARD SSTL15_I -DRIVE 7.5 -SLEW FAST -BUS_KEEPER UNUSED successfully.
Executing : def_port {pad_addr_ch0[8]} -LOC K4 -VCCIO 1.5 -IOSTANDARD SSTL15_I -DRIVE 7.5 -SLEW FAST -BUS_KEEPER UNUSED
Executing : def_port {pad_addr_ch0[8]} -LOC K4 -VCCIO 1.5 -IOSTANDARD SSTL15_I -DRIVE 7.5 -SLEW FAST -BUS_KEEPER UNUSED successfully.
Executing : def_port {pad_addr_ch0[9]} -LOC M1 -VCCIO 1.5 -IOSTANDARD SSTL15_I -DRIVE 7.5 -SLEW FAST -BUS_KEEPER UNUSED
Executing : def_port {pad_addr_ch0[9]} -LOC M1 -VCCIO 1.5 -IOSTANDARD SSTL15_I -DRIVE 7.5 -SLEW FAST -BUS_KEEPER UNUSED successfully.
Executing : def_port {pad_addr_ch0[10]} -LOC M6 -VCCIO 1.5 -IOSTANDARD SSTL15_I -DRIVE 7.5 -SLEW FAST -BUS_KEEPER UNUSED
Executing : def_port {pad_addr_ch0[10]} -LOC M6 -VCCIO 1.5 -IOSTANDARD SSTL15_I -DRIVE 7.5 -SLEW FAST -BUS_KEEPER UNUSED successfully.
Executing : def_port {pad_addr_ch0[11]} -LOC L1 -VCCIO 1.5 -IOSTANDARD SSTL15_I -DRIVE 7.5 -SLEW FAST -BUS_KEEPER UNUSED
Executing : def_port {pad_addr_ch0[11]} -LOC L1 -VCCIO 1.5 -IOSTANDARD SSTL15_I -DRIVE 7.5 -SLEW FAST -BUS_KEEPER UNUSED successfully.
Executing : def_port {pad_addr_ch0[12]} -LOC K2 -VCCIO 1.5 -IOSTANDARD SSTL15_I -DRIVE 7.5 -SLEW FAST -BUS_KEEPER UNUSED
Executing : def_port {pad_addr_ch0[12]} -LOC K2 -VCCIO 1.5 -IOSTANDARD SSTL15_I -DRIVE 7.5 -SLEW FAST -BUS_KEEPER UNUSED successfully.
Executing : def_port {pad_addr_ch0[13]} -LOC K1 -VCCIO 1.5 -IOSTANDARD SSTL15_I -DRIVE 7.5 -SLEW FAST -BUS_KEEPER UNUSED
Executing : def_port {pad_addr_ch0[13]} -LOC K1 -VCCIO 1.5 -IOSTANDARD SSTL15_I -DRIVE 7.5 -SLEW FAST -BUS_KEEPER UNUSED successfully.
Executing : def_port {pad_addr_ch0[14]} -LOC J2 -VCCIO 1.5 -IOSTANDARD SSTL15_I -DRIVE 7.5 -SLEW FAST -BUS_KEEPER UNUSED
Executing : def_port {pad_addr_ch0[14]} -LOC J2 -VCCIO 1.5 -IOSTANDARD SSTL15_I -DRIVE 7.5 -SLEW FAST -BUS_KEEPER UNUSED successfully.
Executing : def_port {pad_addr_ch0[15]} -LOC J1 -VCCIO 1.5 -IOSTANDARD SSTL15_I -DRIVE 7.5 -SLEW FAST -BUS_KEEPER UNUSED
Executing : def_port {pad_addr_ch0[15]} -LOC J1 -VCCIO 1.5 -IOSTANDARD SSTL15_I -DRIVE 7.5 -SLEW FAST -BUS_KEEPER UNUSED successfully.
Executing : def_port {pad_ba_ch0[0]} -LOC U2 -VCCIO 1.5 -IOSTANDARD SSTL15_I -DRIVE 7.5 -SLEW FAST -BUS_KEEPER UNUSED
Executing : def_port {pad_ba_ch0[0]} -LOC U2 -VCCIO 1.5 -IOSTANDARD SSTL15_I -DRIVE 7.5 -SLEW FAST -BUS_KEEPER UNUSED successfully.
Executing : def_port {pad_ba_ch0[1]} -LOC U1 -VCCIO 1.5 -IOSTANDARD SSTL15_I -DRIVE 7.5 -SLEW FAST -BUS_KEEPER UNUSED
Executing : def_port {pad_ba_ch0[1]} -LOC U1 -VCCIO 1.5 -IOSTANDARD SSTL15_I -DRIVE 7.5 -SLEW FAST -BUS_KEEPER UNUSED successfully.
Executing : def_port {pad_ba_ch0[2]} -LOC T2 -VCCIO 1.5 -IOSTANDARD SSTL15_I -DRIVE 7.5 -SLEW FAST -BUS_KEEPER UNUSED
Executing : def_port {pad_ba_ch0[2]} -LOC T2 -VCCIO 1.5 -IOSTANDARD SSTL15_I -DRIVE 7.5 -SLEW FAST -BUS_KEEPER UNUSED successfully.
Executing : def_port pad_casn_ch0 -LOC T1 -VCCIO 1.5 -IOSTANDARD SSTL15_I -DRIVE 7.5 -SLEW FAST -BUS_KEEPER UNUSED
Executing : def_port pad_casn_ch0 -LOC T1 -VCCIO 1.5 -IOSTANDARD SSTL15_I -DRIVE 7.5 -SLEW FAST -BUS_KEEPER UNUSED successfully.
Executing : def_port pad_cke_ch0 -LOC L4 -VCCIO 1.5 -IOSTANDARD SSTL15_I -DRIVE 7.5 -SLEW FAST -BUS_KEEPER UNUSED
Executing : def_port pad_cke_ch0 -LOC L4 -VCCIO 1.5 -IOSTANDARD SSTL15_I -DRIVE 7.5 -SLEW FAST -BUS_KEEPER UNUSED successfully.
Executing : def_port pad_csn_ch0 -LOC R1 -VCCIO 1.5 -IOSTANDARD SSTL15_I -DRIVE 7.5 -SLEW FAST -BUS_KEEPER UNUSED
Executing : def_port pad_csn_ch0 -LOC R1 -VCCIO 1.5 -IOSTANDARD SSTL15_I -DRIVE 7.5 -SLEW FAST -BUS_KEEPER UNUSED successfully.
Executing : def_port pad_ddr_clk_w -LOC U3 -VCCIO 1.5 -IOSTANDARD SSTL15D_I -DRIVE 7.5 -SLEW FAST -BUS_KEEPER UNUSED
Executing : def_port pad_ddr_clk_w -LOC U3 -VCCIO 1.5 -IOSTANDARD SSTL15D_I -DRIVE 7.5 -SLEW FAST -BUS_KEEPER UNUSED successfully.
Executing : def_port pad_ddr_clkn_w -LOC V3 -VCCIO 1.5 -IOSTANDARD SSTL15D_I -DRIVE 7.5 -SLEW FAST -BUS_KEEPER UNUSED
Executing : def_port pad_ddr_clkn_w -LOC V3 -VCCIO 1.5 -IOSTANDARD SSTL15D_I -DRIVE 7.5 -SLEW FAST -BUS_KEEPER UNUSED successfully.
Executing : def_port {pad_dm_rdqs_ch0[0]} -LOC R8 -VCCIO 1.5 -IOSTANDARD SSTL15_I -DRIVE 7.5 -SLEW FAST -BUS_KEEPER UNUSED
Executing : def_port {pad_dm_rdqs_ch0[0]} -LOC R8 -VCCIO 1.5 -IOSTANDARD SSTL15_I -DRIVE 7.5 -SLEW FAST -BUS_KEEPER UNUSED successfully.
Executing : def_port {pad_dm_rdqs_ch0[1]} -LOC U5 -VCCIO 1.5 -IOSTANDARD SSTL15_I -DRIVE 7.5 -SLEW FAST -BUS_KEEPER UNUSED
Executing : def_port {pad_dm_rdqs_ch0[1]} -LOC U5 -VCCIO 1.5 -IOSTANDARD SSTL15_I -DRIVE 7.5 -SLEW FAST -BUS_KEEPER UNUSED successfully.
Executing : def_port pad_loop_out -LOC P8 -VCCIO 1.5 -IOSTANDARD SSTL15_I -DRIVE 7.5 -SLEW FAST -BUS_KEEPER UNUSED
Executing : def_port pad_loop_out -LOC P8 -VCCIO 1.5 -IOSTANDARD SSTL15_I -DRIVE 7.5 -SLEW FAST -BUS_KEEPER UNUSED successfully.
Executing : def_port pad_loop_out_h -LOC U4 -VCCIO 1.5 -IOSTANDARD SSTL15_I -DRIVE 7.5 -SLEW FAST -BUS_KEEPER UNUSED
Executing : def_port pad_loop_out_h -LOC U4 -VCCIO 1.5 -IOSTANDARD SSTL15_I -DRIVE 7.5 -SLEW FAST -BUS_KEEPER UNUSED successfully.
Executing : def_port pad_odt_ch0 -LOC V2 -VCCIO 1.5 -IOSTANDARD SSTL15_I -DRIVE 7.5 -SLEW FAST -BUS_KEEPER UNUSED
Executing : def_port pad_odt_ch0 -LOC V2 -VCCIO 1.5 -IOSTANDARD SSTL15_I -DRIVE 7.5 -SLEW FAST -BUS_KEEPER UNUSED successfully.
Executing : def_port pad_rasn_ch0 -LOC R2 -VCCIO 1.5 -IOSTANDARD SSTL15_I -DRIVE 7.5 -SLEW FAST -BUS_KEEPER UNUSED
Executing : def_port pad_rasn_ch0 -LOC R2 -VCCIO 1.5 -IOSTANDARD SSTL15_I -DRIVE 7.5 -SLEW FAST -BUS_KEEPER UNUSED successfully.
Executing : def_port pad_rstn_ch0 -LOC M2 -VCCIO 1.5 -IOSTANDARD SSTL15_I -DRIVE 7.5 -SLEW FAST -BUS_KEEPER UNUSED
Executing : def_port pad_rstn_ch0 -LOC M2 -VCCIO 1.5 -IOSTANDARD SSTL15_I -DRIVE 7.5 -SLEW FAST -BUS_KEEPER UNUSED successfully.
Executing : def_port pad_wen_ch0 -LOC V1 -VCCIO 1.5 -IOSTANDARD SSTL15_I -DRIVE 7.5 -SLEW FAST -BUS_KEEPER UNUSED
Executing : def_port pad_wen_ch0 -LOC V1 -VCCIO 1.5 -IOSTANDARD SSTL15_I -DRIVE 7.5 -SLEW FAST -BUS_KEEPER UNUSED successfully.
Executing : def_port shcp -LOC J14 -VCCIO 3.3 -IOSTANDARD LVTTL33 -DRIVE 4 -SLEW FAST
Executing : def_port shcp -LOC J14 -VCCIO 3.3 -IOSTANDARD LVTTL33 -DRIVE 4 -SLEW FAST successfully.
Executing : def_port stcp -LOC J15 -VCCIO 3.3 -IOSTANDARD LVTTL33 -DRIVE 4 -SLEW FAST
Executing : def_port stcp -LOC J15 -VCCIO 3.3 -IOSTANDARD LVTTL33 -DRIVE 4 -SLEW FAST successfully.
Executing : def_port tmds_clk_n -LOC A16 -VCCIO 3.3 -IOSTANDARD LVTTL33 -DRIVE 12 -SLEW FAST -OPEN_DRAIN OFF -BUS_KEEPER NONE
Executing : def_port tmds_clk_n -LOC A16 -VCCIO 3.3 -IOSTANDARD LVTTL33 -DRIVE 12 -SLEW FAST -OPEN_DRAIN OFF -BUS_KEEPER NONE successfully.
Executing : def_port tmds_clk_p -LOC B16 -VCCIO 3.3 -IOSTANDARD LVTTL33 -DRIVE 12 -SLEW FAST -OPEN_DRAIN OFF -BUS_KEEPER NONE
Executing : def_port tmds_clk_p -LOC B16 -VCCIO 3.3 -IOSTANDARD LVTTL33 -DRIVE 12 -SLEW FAST -OPEN_DRAIN OFF -BUS_KEEPER NONE successfully.
Executing : def_port {tmds_data_n[0]} -LOC A14 -VCCIO 3.3 -IOSTANDARD LVTTL33 -DRIVE 12 -SLEW FAST -OPEN_DRAIN OFF -BUS_KEEPER NONE
Executing : def_port {tmds_data_n[0]} -LOC A14 -VCCIO 3.3 -IOSTANDARD LVTTL33 -DRIVE 12 -SLEW FAST -OPEN_DRAIN OFF -BUS_KEEPER NONE successfully.
Executing : def_port {tmds_data_n[1]} -LOC A11 -VCCIO 3.3 -IOSTANDARD LVTTL33 -DRIVE 12 -SLEW FAST -OPEN_DRAIN OFF -BUS_KEEPER NONE
C: ConstraintEditor-2002: [D:/Projects/FPGA_match/final_test/device_map/top.pcf(line number: 66)] | Port tmds_data_n[1] has been placed at location A11, whose type is share pin.
Executing : def_port {tmds_data_n[1]} -LOC A11 -VCCIO 3.3 -IOSTANDARD LVTTL33 -DRIVE 12 -SLEW FAST -OPEN_DRAIN OFF -BUS_KEEPER NONE successfully.
Executing : def_port {tmds_data_n[2]} -LOC A10 -VCCIO 3.3 -IOSTANDARD LVTTL33 -DRIVE 12 -SLEW FAST -OPEN_DRAIN OFF -BUS_KEEPER NONE
C: ConstraintEditor-2002: [D:/Projects/FPGA_match/final_test/device_map/top.pcf(line number: 67)] | Port tmds_data_n[2] has been placed at location A10, whose type is share pin.
Executing : def_port {tmds_data_n[2]} -LOC A10 -VCCIO 3.3 -IOSTANDARD LVTTL33 -DRIVE 12 -SLEW FAST -OPEN_DRAIN OFF -BUS_KEEPER NONE successfully.
Executing : def_port {tmds_data_p[0]} -LOC B14 -VCCIO 3.3 -IOSTANDARD LVTTL33 -DRIVE 12 -SLEW FAST -OPEN_DRAIN OFF -BUS_KEEPER NONE
Executing : def_port {tmds_data_p[0]} -LOC B14 -VCCIO 3.3 -IOSTANDARD LVTTL33 -DRIVE 12 -SLEW FAST -OPEN_DRAIN OFF -BUS_KEEPER NONE successfully.
Executing : def_port {tmds_data_p[1]} -LOC B11 -VCCIO 3.3 -IOSTANDARD LVTTL33 -DRIVE 12 -SLEW FAST -OPEN_DRAIN OFF -BUS_KEEPER NONE
C: ConstraintEditor-2002: [D:/Projects/FPGA_match/final_test/device_map/top.pcf(line number: 69)] | Port tmds_data_p[1] has been placed at location B11, whose type is share pin.
Executing : def_port {tmds_data_p[1]} -LOC B11 -VCCIO 3.3 -IOSTANDARD LVTTL33 -DRIVE 12 -SLEW FAST -OPEN_DRAIN OFF -BUS_KEEPER NONE successfully.
Executing : def_port {tmds_data_p[2]} -LOC B10 -VCCIO 3.3 -IOSTANDARD LVTTL33 -DRIVE 12 -SLEW FAST -OPEN_DRAIN OFF -BUS_KEEPER NONE
C: ConstraintEditor-2002: [D:/Projects/FPGA_match/final_test/device_map/top.pcf(line number: 70)] | Port tmds_data_p[2] has been placed at location B10, whose type is share pin.
Executing : def_port {tmds_data_p[2]} -LOC B10 -VCCIO 3.3 -IOSTANDARD LVTTL33 -DRIVE 12 -SLEW FAST -OPEN_DRAIN OFF -BUS_KEEPER NONE successfully.
Executing : def_port de_input -LOC P13 -VCCIO 3.3 -IOSTANDARD LVTTL33
Executing : def_port de_input -LOC P13 -VCCIO 3.3 -IOSTANDARD LVTTL33 successfully.
Executing : def_port hs_input -LOC R13 -VCCIO 3.3 -IOSTANDARD LVTTL33
Executing : def_port hs_input -LOC R13 -VCCIO 3.3 -IOSTANDARD LVTTL33 successfully.
Executing : def_port pad_loop_in -LOC P7 -VCCIO 1.5 -IOSTANDARD SSTL15_I -VREF_MODE IN -VREF_MODE_VALUE 0.5 -DDR_TERM_MODE ON -BUS_KEEPER UNUSED
Executing : def_port pad_loop_in -LOC P7 -VCCIO 1.5 -IOSTANDARD SSTL15_I -VREF_MODE IN -VREF_MODE_VALUE 0.5 -DDR_TERM_MODE ON -BUS_KEEPER UNUSED successfully.
Executing : def_port pad_loop_in_h -LOC V4 -VCCIO 1.5 -IOSTANDARD SSTL15_I -VREF_MODE IN -VREF_MODE_VALUE 0.5 -DDR_TERM_MODE ON -BUS_KEEPER UNUSED
Executing : def_port pad_loop_in_h -LOC V4 -VCCIO 1.5 -IOSTANDARD SSTL15_I -VREF_MODE IN -VREF_MODE_VALUE 0.5 -DDR_TERM_MODE ON -BUS_KEEPER UNUSED successfully.
Executing : def_port pclk_mod_in -LOC T18 -VCCIO 3.3 -IOSTANDARD LVCMOS33 -HYS_DRIVE_MODE NOHYS -BUS_KEEPER PULLUP
Executing : def_port pclk_mod_in -LOC T18 -VCCIO 3.3 -IOSTANDARD LVCMOS33 -HYS_DRIVE_MODE NOHYS -BUS_KEEPER PULLUP successfully.
Executing : def_port {rgb_b[0]} -LOC P14 -VCCIO 3.3 -IOSTANDARD LVTTL33
Executing : def_port {rgb_b[0]} -LOC P14 -VCCIO 3.3 -IOSTANDARD LVTTL33 successfully.
Executing : def_port {rgb_b[1]} -LOC R15 -VCCIO 3.3 -IOSTANDARD LVTTL33
Executing : def_port {rgb_b[1]} -LOC R15 -VCCIO 3.3 -IOSTANDARD LVTTL33 successfully.
Executing : def_port {rgb_b[2]} -LOC R14 -VCCIO 3.3 -IOSTANDARD LVTTL33
Executing : def_port {rgb_b[2]} -LOC R14 -VCCIO 3.3 -IOSTANDARD LVTTL33 successfully.
Executing : def_port {rgb_b[3]} -LOC T16 -VCCIO 3.3 -IOSTANDARD LVTTL33
Executing : def_port {rgb_b[3]} -LOC T16 -VCCIO 3.3 -IOSTANDARD LVTTL33 successfully.
Executing : def_port {rgb_b[4]} -LOC R16 -VCCIO 3.3 -IOSTANDARD LVTTL33
Executing : def_port {rgb_b[4]} -LOC R16 -VCCIO 3.3 -IOSTANDARD LVTTL33 successfully.
Executing : def_port {rgb_b[5]} -LOC U16 -VCCIO 3.3 -IOSTANDARD LVTTL33
Executing : def_port {rgb_b[5]} -LOC U16 -VCCIO 3.3 -IOSTANDARD LVTTL33 successfully.
Executing : def_port {rgb_b[6]} -LOC V16 -VCCIO 3.3 -IOSTANDARD LVTTL33
Executing : def_port {rgb_b[6]} -LOC V16 -VCCIO 3.3 -IOSTANDARD LVTTL33 successfully.
Executing : def_port {rgb_b[7]} -LOC V17 -VCCIO 3.3 -IOSTANDARD LVTTL33
Executing : def_port {rgb_b[7]} -LOC V17 -VCCIO 3.3 -IOSTANDARD LVTTL33 successfully.
Executing : def_port {rgb_g[0]} -LOC T17 -VCCIO 3.3 -IOSTANDARD LVTTL33
Executing : def_port {rgb_g[0]} -LOC T17 -VCCIO 3.3 -IOSTANDARD LVTTL33 successfully.
Executing : def_port {rgb_g[1]} -LOC U17 -VCCIO 3.3 -IOSTANDARD LVTTL33
Executing : def_port {rgb_g[1]} -LOC U17 -VCCIO 3.3 -IOSTANDARD LVTTL33 successfully.
Executing : def_port {rgb_g[2]} -LOC M14 -VCCIO 3.3 -IOSTANDARD LVTTL33
Executing : def_port {rgb_g[2]} -LOC M14 -VCCIO 3.3 -IOSTANDARD LVTTL33 successfully.
Executing : def_port {rgb_g[3]} -LOC M13 -VCCIO 3.3 -IOSTANDARD LVTTL33
Executing : def_port {rgb_g[3]} -LOC M13 -VCCIO 3.3 -IOSTANDARD LVTTL33 successfully.
Executing : def_port {rgb_g[4]} -LOC L15 -VCCIO 3.3 -IOSTANDARD LVTTL33
Executing : def_port {rgb_g[4]} -LOC L15 -VCCIO 3.3 -IOSTANDARD LVTTL33 successfully.
Executing : def_port {rgb_g[5]} -LOC L14 -VCCIO 3.3 -IOSTANDARD LVTTL33
Executing : def_port {rgb_g[5]} -LOC L14 -VCCIO 3.3 -IOSTANDARD LVTTL33 successfully.
Executing : def_port {rgb_g[6]} -LOC L18 -VCCIO 3.3 -IOSTANDARD LVTTL33
Executing : def_port {rgb_g[6]} -LOC L18 -VCCIO 3.3 -IOSTANDARD LVTTL33 successfully.
Executing : def_port {rgb_g[7]} -LOC N18 -VCCIO 3.3 -IOSTANDARD LVTTL33
Executing : def_port {rgb_g[7]} -LOC N18 -VCCIO 3.3 -IOSTANDARD LVTTL33 successfully.
Executing : def_port {rgb_r[0]} -LOC N16 -VCCIO 3.3 -IOSTANDARD LVTTL33
Executing : def_port {rgb_r[0]} -LOC N16 -VCCIO 3.3 -IOSTANDARD LVTTL33 successfully.
Executing : def_port {rgb_r[1]} -LOC L17 -VCCIO 3.3 -IOSTANDARD LVTTL33
Executing : def_port {rgb_r[1]} -LOC L17 -VCCIO 3.3 -IOSTANDARD LVTTL33 successfully.
Executing : def_port {rgb_r[2]} -LOC N15 -VCCIO 3.3 -IOSTANDARD LVTTL33
Executing : def_port {rgb_r[2]} -LOC N15 -VCCIO 3.3 -IOSTANDARD LVTTL33 successfully.
Executing : def_port {rgb_r[3]} -LOC L13 -VCCIO 3.3 -IOSTANDARD LVTTL33
Executing : def_port {rgb_r[3]} -LOC L13 -VCCIO 3.3 -IOSTANDARD LVTTL33 successfully.
Executing : def_port {rgb_r[4]} -LOC P18 -VCCIO 3.3 -IOSTANDARD LVTTL33
Executing : def_port {rgb_r[4]} -LOC P18 -VCCIO 3.3 -IOSTANDARD LVTTL33 successfully.
Executing : def_port {rgb_r[5]} -LOC R17 -VCCIO 3.3 -IOSTANDARD LVTTL33
Executing : def_port {rgb_r[5]} -LOC R17 -VCCIO 3.3 -IOSTANDARD LVTTL33 successfully.
Executing : def_port {rgb_r[6]} -LOC R18 -VCCIO 3.3 -IOSTANDARD LVTTL33
Executing : def_port {rgb_r[6]} -LOC R18 -VCCIO 3.3 -IOSTANDARD LVTTL33 successfully.
Executing : def_port {rgb_r[7]} -LOC N14 -VCCIO 3.3 -IOSTANDARD LVTTL33
Executing : def_port {rgb_r[7]} -LOC N14 -VCCIO 3.3 -IOSTANDARD LVTTL33 successfully.
Executing : def_port rst_n -LOC U12 -VCCIO 3.3 -IOSTANDARD LVCMOS33 -HYS_DRIVE_MODE NOHYS -BUS_KEEPER PULLUP
Executing : def_port rst_n -LOC U12 -VCCIO 3.3 -IOSTANDARD LVCMOS33 -HYS_DRIVE_MODE NOHYS -BUS_KEEPER PULLUP successfully.
Executing : def_port sys_clk -LOC B5 -VCCIO 3.3 -IOSTANDARD LVCMOS33 -HYS_DRIVE_MODE NOHYS -BUS_KEEPER PULLUP
Executing : def_port sys_clk -LOC B5 -VCCIO 3.3 -IOSTANDARD LVCMOS33 -HYS_DRIVE_MODE NOHYS -BUS_KEEPER PULLUP successfully.
Executing : def_port vs_input -LOC T13 -VCCIO 3.3 -IOSTANDARD LVTTL33
Executing : def_port vs_input -LOC T13 -VCCIO 3.3 -IOSTANDARD LVTTL33 successfully.
Executing : def_inst_site u_ipsl_hmic_h_top/u_pll_50_400/u_pll_e1/goppll PLL_82_71
Executing : def_inst_site u_ipsl_hmic_h_top/u_pll_50_400/u_pll_e1/goppll PLL_82_71 successfully.
W: ConstraintEditor-4019: Port 'ddr_init_done' unspecified I/O constraint.
W: ConstraintEditor-4019: Port 'ddrphy_rst_done' unspecified I/O constraint.
W: ConstraintEditor-4019: Port 'pll_lock' unspecified I/O constraint.
Constraint check end.
Executing : apply_constraint -f D:/Projects/FPGA_match/final_test/device_map/top.pcf successfully.

Placement started.
Pre global placement started.
Mapping instance u_ipsl_hmic_h_top/u_ipsl_hmic_h_phy_top/u_phy_io_v1_1/u_gtp_ddrphy/gateop_DDRC to HMEMC_16_1.
Mapping instance u_ipsl_hmic_h_top/u_ipsl_hmic_h_phy_top/u_phy_io_v1_1/dqs2_dut/opit_0 to DQSL_6_96.
Mapping instance u_ipsl_hmic_h_top/u_ipsl_hmic_h_phy_top/u_phy_io_v1_1/dqs0_dut/opit_0 to DQSL_6_24.
Mapping instance u_ipsl_hmic_h_top/u_ipsl_hmic_h_phy_top/u_phy_io_v1_1/dll_hmemc_dut/gopdll to DLL_7_59.
Mapping instance u_ipsl_hmic_h_top/u_ipsl_hmic_h_phy_top/u_phy_io_v1_1/dqs1_dut/opit_0 to DQSL_6_52.
Mapping instance u_ipsl_hmic_h_top/u_ipsl_hmic_h_phy_top/u_phy_io_v1_1/dqs3_dut/opit_0 to DQSL_6_148.
Mapping instance u_ipsl_hmic_h_top/u_ipsl_hmic_h_phy_top/u_phy_io_v1_1/dqs4_dut/opit_0 to DQSL_6_176.
Mapping instance u_ipsl_hmic_h_top/u_ipsl_hmic_h_phy_top/u_phy_io_v1_1/ioclkdiv_dut/gopclkdiv to IOCKDIV_6_64.
Mapping instance u_ipsl_hmic_h_top/u_ipsl_hmic_h_phy_top/u_phy_io_v1_1/ioclkbuf01_dut/gopclkgate to IOCKGATE_6_56.
Mapping instance u_ipsl_hmic_h_top/u_ipsl_hmic_h_phy_top/u_phy_io_v1_1/ioclkbuf02_dut/gopclkgate to IOCKGATE_6_181.
Mapping instance clkbufg_1/gopclkbufg to USCM_74_104.
Mapping instance clkbufg_0/gopclkbufg to USCM_74_105.
Mapping instance sys_clkbufg/gopclkbufg to USCM_74_106.
Mapping instance cmos_pclkbufg/gopclkbufg to USCM_74_107.
Mapping instance video_pll_m0/u_pll_e1/goppll to PLL_82_51.
Mapping instance video_clk5xbufg/gopclkbufg to USCM_74_108.
Mapping instance video_clkbufg/gopclkbufg to USCM_74_109.
Pre global placement takes 4.67 sec.

Global placement started.
Run super clustering :
	Initial slack -2009.
	2 iterations finished.
	Final slack -1707.
Super clustering done.
Design Utilization : 10%.
