#Build: Fabric Compiler 2021.1-SP7.3, Build 94852, May 25 15:09 2022
#Install: D:\Softwares\PDS_2021.1-SP7.3-ads\bin
#Application name: pds_shell.exe
#OS: Windows 10 10.0.19044
#Hostname: thesame
Generated by Fabric Compiler (version 2021.1-SP7.3 build 94852) at Fri Nov 18 01:15:50 2022
Compiling verification operator library.
Compiling common defs.
Loading technology operator library.
Compiling technology operator library.
Compiling technology operator (valence) library.
Compiling operator packing rules.
Compiling prim grid devices.
Compiling gate devices.
Compiling gate operators.
Compiling tech operator impls.
Building architecture model.
Loading device packaging model.
I: Parameter configuration file D:/Projects/FPGA_match/final_test_new_funcs/testparam.txt cannot open.
Reading design from translate DB.
License checkout: fabric_inserter
Creating module hierarchy.
W: Adm-4021: The attribute '.pap_unconnected_inputs' of object 'u_top_white_block_mean/u_gamma_fix_2_2_top/gamma_fix_2_2_rom/U_ipml_rom_gamma_fix_2_2/U_ipml_spram_gamma_fix_2_2' is overwritten by new value.
Collecting net information.
E: Inserter-0006: Debug Core 0 Trigger Port 0 is unconnected.
E: Inserter-0008: Debug Core 0 Data Port width is 0.
