#Build: Fabric Compiler 2021.1-SP7.3, Build 94852, May 25 15:09 2022
#Install: D:\Softwares\PDS_2021.1-SP7.3-ads\bin
#Application name: pds_shell.exe
#OS: Windows 10 10.0.19044
#Hostname: thesame
Generated by Fabric Compiler (version 2021.1-SP7.3 build 94852) at Sun Nov 20 15:34:00 2022
License checkout: fabric_ads
Compiling verification operator library.
Compiling common defs.
Loading technology operator library.
Compiling technology operator library.
Compiling technology operator (valence) library.
Reading design from compile DB
Reading design from compile DB successfully.
Constraint check start.
Compiling prim grid devices.
Building architecture model.
Loading device packaging model.
Building architecture floorplan logic view.
Executing : get_ports sys_clk
Executing : get_ports sys_clk successfully.
Executing : create_clock -name sys_clk [get_ports sys_clk] -period 20 -waveform {0.000 10.000}
Executing : create_clock -name sys_clk [get_ports sys_clk] -period 20 -waveform {0.000 10.000} successfully.
C: ConstraintEditor-2002: [D:/Projects/FPGA_match/final_test_new_funcs/ddr3_ov5640_hdmi.fdc(line number: 684)] | Port tmds_data_n[1] has been placed at location A11, whose type is share pin.
C: ConstraintEditor-2002: [D:/Projects/FPGA_match/final_test_new_funcs/ddr3_ov5640_hdmi.fdc(line number: 693)] | Port tmds_data_n[2] has been placed at location A10, whose type is share pin.
C: ConstraintEditor-2002: [D:/Projects/FPGA_match/final_test_new_funcs/ddr3_ov5640_hdmi.fdc(line number: 711)] | Port tmds_data_p[1] has been placed at location B11, whose type is share pin.
C: ConstraintEditor-2002: [D:/Projects/FPGA_match/final_test_new_funcs/ddr3_ov5640_hdmi.fdc(line number: 720)] | Port tmds_data_p[2] has been placed at location B10, whose type is share pin.
C: ConstraintEditor-2002: [D:/Projects/FPGA_match/final_test_new_funcs/ddr3_ov5640_hdmi.fdc(line number: 855)] | Port ds1 has been placed at location E18, whose type is share pin.
C: ConstraintEditor-2002: [D:/Projects/FPGA_match/final_test_new_funcs/ddr3_ov5640_hdmi.fdc(line number: 861)] | Port ds2 has been placed at location H13, whose type is share pin.
C: ConstraintEditor-2002: [D:/Projects/FPGA_match/final_test_new_funcs/ddr3_ov5640_hdmi.fdc(line number: 867)] | Port ds3 has been placed at location G13, whose type is share pin.
C: ConstraintEditor-2002: [D:/Projects/FPGA_match/final_test_new_funcs/ddr3_ov5640_hdmi.fdc(line number: 898)] | Port ds0 has been placed at location D17, whose type is share pin.
C: ConstraintEditor-2002: [D:/Projects/FPGA_match/final_test_new_funcs/ddr3_ov5640_hdmi.fdc(line number: 910)] | Port stcp1 has been placed at location F14, whose type is share pin.
C: ConstraintEditor-2002: [D:/Projects/FPGA_match/final_test_new_funcs/ddr3_ov5640_hdmi.fdc(line number: 916)] | Port uart_rx has been placed at location D18, whose type is share pin.
W: ConstraintEditor-4019: Port 'ddr_init_done' unspecified I/O constraint.
W: ConstraintEditor-4019: Port 'ddrphy_rst_done' unspecified I/O constraint.
W: ConstraintEditor-4019: Port 'pll_lock' unspecified I/O constraint.
Constraint check end.
Executing : get_ports pclk_mod_in
Executing : get_ports pclk_mod_in successfully.
Executing : create_clock -name top|pclk_mod_in [get_ports pclk_mod_in] -period 1000.000 -waveform {0.000 500.000} -add
Executing : create_clock -name top|pclk_mod_in [get_ports pclk_mod_in] -period 1000.000 -waveform {0.000 500.000} -add successfully.
Executing : get_ports sys_clk
Executing : get_ports sys_clk successfully.
Executing : get_pins video_pll_m0/u_pll_e1:CLKOUT1
Executing : get_pins video_pll_m0/u_pll_e1:CLKOUT1 successfully.
Executing : create_generated_clock -name sys_clk|video_pll_m0/u_pll_e1/CLKOUT1_Inferred -source [get_ports sys_clk] [get_pins video_pll_m0/u_pll_e1:CLKOUT1] -master_clock sys_clk -edges {1 2 3} -edge_shift {0.000000 -3.269231 -6.538462} -add
Executing : create_generated_clock -name sys_clk|video_pll_m0/u_pll_e1/CLKOUT1_Inferred -source [get_ports sys_clk] [get_pins video_pll_m0/u_pll_e1:CLKOUT1] -master_clock sys_clk -edges {1 2 3} -edge_shift {0.000000 -3.269231 -6.538462} -add successfully.
Executing : get_ports sys_clk
Executing : get_ports sys_clk successfully.
Executing : get_pins video_pll_m0/u_pll_e1:CLKOUT0
Executing : get_pins video_pll_m0/u_pll_e1:CLKOUT0 successfully.
Executing : create_generated_clock -name sys_clk|video_pll_m0/u_pll_e1/CLKOUT0_Inferred -source [get_ports sys_clk] [get_pins video_pll_m0/u_pll_e1:CLKOUT0] -master_clock sys_clk -edges {1 2 3} -edge_shift {0.000000 -8.653846 -17.307692} -add
Executing : create_generated_clock -name sys_clk|video_pll_m0/u_pll_e1/CLKOUT0_Inferred -source [get_ports sys_clk] [get_pins video_pll_m0/u_pll_e1:CLKOUT0] -master_clock sys_clk -edges {1 2 3} -edge_shift {0.000000 -8.653846 -17.307692} -add successfully.
Executing : get_ports sys_clk
Executing : get_ports sys_clk successfully.
Executing : get_pins u_ipsl_hmic_h_top/u_pll_50_400/u_pll_e1:CLKOUT3
Executing : get_pins u_ipsl_hmic_h_top/u_pll_50_400/u_pll_e1:CLKOUT3 successfully.
Executing : create_generated_clock -name sys_clk|u_ipsl_hmic_h_top/u_pll_50_400/u_pll_e1/CLKOUT3_Inferred -source [get_ports sys_clk] [get_pins u_ipsl_hmic_h_top/u_pll_50_400/u_pll_e1:CLKOUT3] -master_clock sys_clk -edges {1 2 3} -edge_shift {0.000000 -5.000000 -10.000000} -add
Executing : create_generated_clock -name sys_clk|u_ipsl_hmic_h_top/u_pll_50_400/u_pll_e1/CLKOUT3_Inferred -source [get_ports sys_clk] [get_pins u_ipsl_hmic_h_top/u_pll_50_400/u_pll_e1:CLKOUT3] -master_clock sys_clk -edges {1 2 3} -edge_shift {0.000000 -5.000000 -10.000000} -add successfully.
Executing : get_ports sys_clk
Executing : get_ports sys_clk successfully.
Executing : get_pins u_ipsl_hmic_h_top/u_pll_50_400/u_pll_e1:CLKOUT1
Executing : get_pins u_ipsl_hmic_h_top/u_pll_50_400/u_pll_e1:CLKOUT1 successfully.
Executing : create_generated_clock -name sys_clk|u_ipsl_hmic_h_top/u_pll_50_400/u_pll_e1/CLKOUT1_Inferred -source [get_ports sys_clk] [get_pins u_ipsl_hmic_h_top/u_pll_50_400/u_pll_e1:CLKOUT1] -master_clock sys_clk -edges {1 2 3} -edge_shift {0.000000 0.000000 0.000000} -add
Executing : create_generated_clock -name sys_clk|u_ipsl_hmic_h_top/u_pll_50_400/u_pll_e1/CLKOUT1_Inferred -source [get_ports sys_clk] [get_pins u_ipsl_hmic_h_top/u_pll_50_400/u_pll_e1:CLKOUT1] -master_clock sys_clk -edges {1 2 3} -edge_shift {0.000000 0.000000 0.000000} -add successfully.
Executing : get_ports sys_clk
Executing : get_ports sys_clk successfully.
Executing : get_pins u_ipsl_hmic_h_top/u_pll_50_400/u_pll_e1:CLKOUT0
Executing : get_pins u_ipsl_hmic_h_top/u_pll_50_400/u_pll_e1:CLKOUT0 successfully.
Executing : create_generated_clock -name sys_clk|u_ipsl_hmic_h_top/u_pll_50_400/u_pll_e1/CLKOUT0_Inferred -source [get_ports sys_clk] [get_pins u_ipsl_hmic_h_top/u_pll_50_400/u_pll_e1:CLKOUT0] -master_clock sys_clk -edges {1 2 3} -edge_shift {0.000000 -8.750000 -17.500000} -add
Executing : create_generated_clock -name sys_clk|u_ipsl_hmic_h_top/u_pll_50_400/u_pll_e1/CLKOUT0_Inferred -source [get_ports sys_clk] [get_pins u_ipsl_hmic_h_top/u_pll_50_400/u_pll_e1:CLKOUT0] -master_clock sys_clk -edges {1 2 3} -edge_shift {0.000000 -8.750000 -17.500000} -add successfully.
Executing : get_pins u_ipsl_hmic_h_top/u_pll_50_400/u_pll_e1:CLKOUT0
Executing : get_pins u_ipsl_hmic_h_top/u_pll_50_400/u_pll_e1:CLKOUT0 successfully.
Executing : get_pins u_ipsl_hmic_h_top/u_ipsl_hmic_h_phy_top/u_phy_io_v1_1/ioclkdiv_dut:CLKDIVOUT
Executing : get_pins u_ipsl_hmic_h_top/u_ipsl_hmic_h_phy_top/u_phy_io_v1_1/ioclkdiv_dut:CLKDIVOUT successfully.
Executing : create_generated_clock -name sys_clk|u_ipsl_hmic_h_top/u_pll_50_400/u_pll_e1/CLKOUT0_Inferred|u_ipsl_hmic_h_top/u_ipsl_hmic_h_phy_top/u_phy_io_v1_1/ioclkdiv_dut/CLKDIVOUT_Inferred -source [get_pins u_ipsl_hmic_h_top/u_pll_50_400/u_pll_e1:CLKOUT0] [get_pins u_ipsl_hmic_h_top/u_ipsl_hmic_h_phy_top/u_phy_io_v1_1/ioclkdiv_dut:CLKDIVOUT] -master_clock sys_clk|u_ipsl_hmic_h_top/u_pll_50_400/u_pll_e1/CLKOUT0_Inferred -edges {1 2 3} -edge_shift {0.000000 1.250000 2.500000} -add
Executing : create_generated_clock -name sys_clk|u_ipsl_hmic_h_top/u_pll_50_400/u_pll_e1/CLKOUT0_Inferred|u_ipsl_hmic_h_top/u_ipsl_hmic_h_phy_top/u_phy_io_v1_1/ioclkdiv_dut/CLKDIVOUT_Inferred -source [get_pins u_ipsl_hmic_h_top/u_pll_50_400/u_pll_e1:CLKOUT0] [get_pins u_ipsl_hmic_h_top/u_ipsl_hmic_h_phy_top/u_phy_io_v1_1/ioclkdiv_dut:CLKDIVOUT] -master_clock sys_clk|u_ipsl_hmic_h_top/u_pll_50_400/u_pll_e1/CLKOUT0_Inferred -edges {1 2 3} -edge_shift {0.000000 1.250000 2.500000} -add successfully.
Executing : set_clock_groups -name Inferred_clock_group_0 -asynchronous -group top|pclk_mod_in
Executing : set_clock_groups -name Inferred_clock_group_0 -asynchronous -group top|pclk_mod_in successfully.
Executing : set_clock_groups -name Inferred_clock_group_0 -asynchronous -group top|pclk_mod_in
Executing : set_clock_groups -name Inferred_clock_group_0 -asynchronous -group top|pclk_mod_in successfully.
W: Adm-4079: User-specified initial value defined for instance 'TMDS_mod5[2:0]' is being ignored due to limitations in architecture.
W: Adm-4079: User-specified initial value defined for instance 'TMDS_shift_0h[4:0]' is being ignored due to limitations in architecture.
W: Adm-4079: User-specified initial value defined for instance 'TMDS_shift_0l[4:0]' is being ignored due to limitations in architecture.
W: Adm-4079: User-specified initial value defined for instance 'TMDS_shift_1h[4:0]' is being ignored due to limitations in architecture.
W: Adm-4079: User-specified initial value defined for instance 'TMDS_shift_1l[4:0]' is being ignored due to limitations in architecture.
W: Adm-4079: User-specified initial value defined for instance 'TMDS_shift_2h[4:0]' is being ignored due to limitations in architecture.
W: Adm-4079: User-specified initial value defined for instance 'TMDS_shift_2l[4:0]' is being ignored due to limitations in architecture.
W: Adm-4079: User-specified initial value defined for instance 'TMDS_shift_3h[4:0]' is being ignored due to limitations in architecture.
W: Adm-4079: User-specified initial value defined for instance 'TMDS_shift_3l[4:0]' is being ignored due to limitations in architecture.
Start pre-mapping.
