#Build: Fabric Compiler 2021.1-SP7.3, Build 94852, May 25 15:09 2022
#Install: D:\Softwares\PDS_2021.1-SP7.3-ads\bin
#Application name: pds_shell.exe
#OS: Windows 10 10.0.19044
#Hostname: thesame
Generated by Fabric Compiler (version 2021.1-SP7.3 build 94852) at Mon Oct 10 11:56:11 2022
Compiling verification operator library.
Compiling common defs.
Compiling prim grid devices.
Compiling gate devices.
Compiling gate operators.
Building architecture model.
Loading device packaging model.
Reading design from DB.
Start Generate Netlist.
Generate Netlist is finished successfully.
Action gen_netlist: Real time elapsed is 11.000 sec
Action gen_netlist: CPU time elapsed is 8.828 sec
Current time: Mon Oct 10 11:56:20 2022
Action gen_netlist: Peak memory pool usage is 445,296,640 bytes
