IP Generator (Version 2021.1-SP7.3 build 94852)
Check out license ...
Start generating at 2022-11-07 22:30
Instance: gamma_fix_2_2 (D:\Projects\FPGA_match\final_test\ipcore\gamma_fix_2_2\gamma_fix_2_2.idf)
IP: DRM Based ROM (1.5)
Part: Logos-PGL22G-MBG324--6
Create directory 'rtl' ...
Copy 'rtl\ipml_rom_v1_5.v.xml' to 'rtl' ...
Copy 'rtl\ipml_spram_v1_5.v.xml' to 'rtl' ...
Compile file 'rtl\ipml_spram_v1_5.v.xml' to 'rtl\ipml_spram_v1_5_gamma_fix_2_2.v' ...
Compile file 'rtl\ipml_rom_v1_5.v.xml' to 'rtl\ipml_rom_v1_5_gamma_fix_2_2.v' ...
Copy 'ipml_rom_wrapper_v1_5.v.xml' ...
Compile file 'ipml_rom_wrapper_v1_5.v.xml' to 'gamma_fix_2_2.v' ...
Found top module 'gamma_fix_2_2' in file 'gamma_fix_2_2.v'.
Copy 'ipml_rom_wrapper_v1_3_tb.v.xml' ...
Compile file 'ipml_rom_wrapper_v1_3_tb.v.xml' to 'gamma_fix_2_2_tb.v' ...
Copy 'init_param_bin_exmp.dat' ...
Copy 'init_param_hex_exmp.dat' ...
Run file 'createParam.tcl' ...
Create template file 'gamma_fix_2_2_tmpl.v' ...
Create template file 'gamma_fix_2_2_tmpl.vhdl' ...
There are 3 source files to synthesize.
Synthesis is disabled.
Done: 0 error(s), 0 warning(s)
