#Build: Fabric Compiler 2021.1-SP7.3, Build 94852, May 25 15:09 2022
#Install: D:\Softwares\PDS_2021.1-SP7.3-ads\bin
#Application name: pds_shell.exe
#OS: Windows 10 10.0.19044
#Hostname: thesame
Generated by Fabric Compiler (version 2021.1-SP7.3 build 94852) at Tue Nov  8 15:46:09 2022
Compiling verification operator library.
Compiling common defs.
Compiling prim grid devices.
Compiling gate devices.
Compiling gate operators.
Building architecture model.
Loading device packaging model.
Reading design from pnr DB.
Start Report Post-PnR timing.
Constructing timing graph ...
Timing graph has been constructed successfully
W: STA-3011: Clock pin 'block_mean_cal/u_video_pixel_counter/block_v_cnt[1]/opit_0_A2Q21/CLK' (gopA2Q2.CLK) has no clock, timing propagation is disabled at the pin.
W: STA-3011: Clock pin 'block_mean_cal/u_video_pixel_counter/block_v_cnt[3]/opit_0_A2Q21/CLK' (gopA2Q2.CLK) has no clock, timing propagation is disabled at the pin.
W: STA-3011: Clock pin 'block_mean_cal/u_video_pixel_counter/block_v_cnt[5]/opit_0_A2Q21/CLK' (gopA2Q2.CLK) has no clock, timing propagation is disabled at the pin.
W: STA-3011: Clock pin 'block_mean_cal/u_video_pixel_counter/cnt_36[1]/opit_0_A2Q21/CLK' (gopA2Q2.CLK) has no clock, timing propagation is disabled at the pin.
W: STA-3011: Clock pin 'block_mean_cal/u_video_pixel_counter/cnt_36[3]/opit_0_A2Q21/CLK' (gopA2Q2.CLK) has no clock, timing propagation is disabled at the pin.
W: STA-3011: Clock pin 'block_mean_cal/u_video_pixel_counter/cnt_36[5]/opit_0_A2Q21/CLK' (gopA2Q2.CLK) has no clock, timing propagation is disabled at the pin.
W: STA-3011: Clock pin 'block_mean_cal/u_video_pixel_counter/cnt_36[6]/opit_0_AQ/CLK' (gopAQ.CLK) has no clock, timing propagation is disabled at the pin.
W: STA-3011: Clock pin 'block_mean_cal/u_video_pixel_counter/inblock_line_cnt[1]/opit_0_A2Q21/CLK' (gopA2Q2.CLK) has no clock, timing propagation is disabled at the pin.
W: STA-3011: Clock pin 'block_mean_cal/u_video_pixel_counter/inblock_line_cnt[3]/opit_0_A2Q21/CLK' (gopA2Q2.CLK) has no clock, timing propagation is disabled at the pin.
W: STA-3011: Clock pin 'block_mean_cal/u_video_pixel_counter/inblock_line_cnt[5]/opit_0_A2Q21/CLK' (gopA2Q2.CLK) has no clock, timing propagation is disabled at the pin.
W: STA-3011: Clock pin 'u_ipsl_hmic_h_top/u_ipsl_hmic_h_phy_top/u_phy_io_v1_1/dqs0_dut/opit_0/CLK_REGIONAL' (gopDQS_DDC.CLK_REGIONAL) has no clock, timing propagation is disabled at the pin.
W: STA-3011: Clock pin 'u_ipsl_hmic_h_top/u_ipsl_hmic_h_phy_top/u_phy_io_v1_1/dqs1_dut/opit_0/CLK_REGIONAL' (gopDQS_DDC.CLK_REGIONAL) has no clock, timing propagation is disabled at the pin.
W: STA-3011: Clock pin 'u_ipsl_hmic_h_top/u_ipsl_hmic_h_phy_top/u_phy_io_v1_1/dqs2_dut/opit_0/CLK_REGIONAL' (gopDQS_DDC.CLK_REGIONAL) has no clock, timing propagation is disabled at the pin.
W: STA-3011: Clock pin 'u_ipsl_hmic_h_top/u_ipsl_hmic_h_phy_top/u_phy_io_v1_1/dqs3_dut/opit_0/CLK_REGIONAL' (gopDQS_DDC.CLK_REGIONAL) has no clock, timing propagation is disabled at the pin.
W: STA-3011: Clock pin 'u_ipsl_hmic_h_top/u_ipsl_hmic_h_phy_top/u_phy_io_v1_1/dqs4_dut/opit_0/CLK_REGIONAL' (gopDQS_DDC.CLK_REGIONAL) has no clock, timing propagation is disabled at the pin.
W: STA-3011: Clock pin 'u_ipsl_hmic_h_top/u_ipsl_hmic_h_phy_top/u_phy_io_v1_1/genblk2.iob_08_09_dut/opit_2_O/SERCLK' (gopIOMDDR.SERCLK) has no clock, timing propagation is disabled at the pin.
W: STA-3011: Clock pin 'u_ipsl_hmic_h_top/u_ipsl_hmic_h_phy_top/u_phy_io_v1_1/genblk2.iob_08_09_dut/opit_2_O/SYSCLK' (gopIOMDDR.SYSCLK) has no clock, timing propagation is disabled at the pin.
W: STA-3011: Clock pin 'u_ipsl_hmic_h_top/u_ipsl_hmic_h_phy_top/u_phy_io_v1_1/genblk2.iob_08_09_dut/opit_2_O/TCLK' (gopIOMDDR.TCLK) has no clock, timing propagation is disabled at the pin.
W: STA-3011: Clock pin 'u_ipsl_hmic_h_top/u_ipsl_hmic_h_phy_top/u_phy_io_v1_1/genblk3.iob_30_31_dut/opit_2_O/SERCLK' (gopIOMDDR.SERCLK) has no clock, timing propagation is disabled at the pin.
W: STA-3011: Clock pin 'u_ipsl_hmic_h_top/u_ipsl_hmic_h_phy_top/u_phy_io_v1_1/genblk3.iob_30_31_dut/opit_2_O/SYSCLK' (gopIOMDDR.SYSCLK) has no clock, timing propagation is disabled at the pin.
W: STA-3011: Clock pin 'u_ipsl_hmic_h_top/u_ipsl_hmic_h_phy_top/u_phy_io_v1_1/genblk3.iob_30_31_dut/opit_2_O/TCLK' (gopIOMDDR.TCLK) has no clock, timing propagation is disabled at the pin.
W: STA-3011: Clock pin 'u_ipsl_hmic_h_top/u_ipsl_hmic_h_phy_top/u_phy_io_v1_1/iob_02_dut/opit_1_IOL/SERCLK' (gopOMDDR.SERCLK) has no clock, timing propagation is disabled at the pin.
W: STA-3011: Clock pin 'u_ipsl_hmic_h_top/u_ipsl_hmic_h_phy_top/u_phy_io_v1_1/iob_02_dut/opit_1_IOL/SYSCLK' (gopOMDDR.SYSCLK) has no clock, timing propagation is disabled at the pin.
W: STA-3011: Clock pin 'u_ipsl_hmic_h_top/u_ipsl_hmic_h_phy_top/u_phy_io_v1_1/iob_02_dut/opit_1_IOL/TCLK' (gopOMDDR.TCLK) has no clock, timing propagation is disabled at the pin.
W: STA-3011: Clock pin 'u_ipsl_hmic_h_top/u_ipsl_hmic_h_phy_top/u_phy_io_v1_1/iob_16_17_dut/opit_3_IOL/SERCLK' (gopOMDDR.SERCLK) has no clock, timing propagation is disabled at the pin.
W: STA-3011: Clock pin 'u_ipsl_hmic_h_top/u_ipsl_hmic_h_phy_top/u_phy_io_v1_1/iob_16_17_dut/opit_3_IOL/SYSCLK' (gopOMDDR.SYSCLK) has no clock, timing propagation is disabled at the pin.
W: STA-3011: Clock pin 'u_ipsl_hmic_h_top/u_ipsl_hmic_h_phy_top/u_phy_io_v1_1/iob_16_17_dut/opit_3_IOL/TCLK' (gopOMDDR.TCLK) has no clock, timing propagation is disabled at the pin.
W: STA-3011: Clock pin 'u_ipsl_hmic_h_top/u_ipsl_hmic_h_phy_top/u_phy_io_v1_1/iob_18_dut/opit_1_IOL/SERCLK' (gopOMDDR.SERCLK) has no clock, timing propagation is disabled at the pin.
W: STA-3011: Clock pin 'u_ipsl_hmic_h_top/u_ipsl_hmic_h_phy_top/u_phy_io_v1_1/iob_18_dut/opit_1_IOL/SYSCLK' (gopOMDDR.SYSCLK) has no clock, timing propagation is disabled at the pin.
W: STA-3011: Clock pin 'u_ipsl_hmic_h_top/u_ipsl_hmic_h_phy_top/u_phy_io_v1_1/iob_18_dut/opit_1_IOL/TCLK' (gopOMDDR.TCLK) has no clock, timing propagation is disabled at the pin.
W: STA-3011: Clock pin 'u_ipsl_hmic_h_top/u_ipsl_hmic_h_phy_top/u_phy_io_v1_1/iob_19_dut/opit_1_IOL/SERCLK' (gopOMDDR.SERCLK) has no clock, timing propagation is disabled at the pin.
W: STA-3011: Clock pin 'u_ipsl_hmic_h_top/u_ipsl_hmic_h_phy_top/u_phy_io_v1_1/iob_19_dut/opit_1_IOL/SYSCLK' (gopOMDDR.SYSCLK) has no clock, timing propagation is disabled at the pin.
W: STA-3011: Clock pin 'u_ipsl_hmic_h_top/u_ipsl_hmic_h_phy_top/u_phy_io_v1_1/iob_19_dut/opit_1_IOL/TCLK' (gopOMDDR.TCLK) has no clock, timing propagation is disabled at the pin.
W: STA-3011: Clock pin 'u_ipsl_hmic_h_top/u_ipsl_hmic_h_phy_top/u_phy_io_v1_1/iob_20_dut/opit_1_IOL/SERCLK' (gopOMDDR.SERCLK) has no clock, timing propagation is disabled at the pin.
W: STA-3011: Clock pin 'u_ipsl_hmic_h_top/u_ipsl_hmic_h_phy_top/u_phy_io_v1_1/iob_20_dut/opit_1_IOL/SYSCLK' (gopOMDDR.SYSCLK) has no clock, timing propagation is disabled at the pin.
W: STA-3011: Clock pin 'u_ipsl_hmic_h_top/u_ipsl_hmic_h_phy_top/u_phy_io_v1_1/iob_20_dut/opit_1_IOL/TCLK' (gopOMDDR.TCLK) has no clock, timing propagation is disabled at the pin.
W: STA-3011: Clock pin 'u_ipsl_hmic_h_top/u_ipsl_hmic_h_phy_top/u_phy_io_v1_1/iob_21_dut/opit_1_IOL/SERCLK' (gopOMDDR.SERCLK) has no clock, timing propagation is disabled at the pin.
W: STA-3011: Clock pin 'u_ipsl_hmic_h_top/u_ipsl_hmic_h_phy_top/u_phy_io_v1_1/iob_21_dut/opit_1_IOL/SYSCLK' (gopOMDDR.SYSCLK) has no clock, timing propagation is disabled at the pin.
W: STA-3011: Clock pin 'u_ipsl_hmic_h_top/u_ipsl_hmic_h_phy_top/u_phy_io_v1_1/iob_21_dut/opit_1_IOL/TCLK' (gopOMDDR.TCLK) has no clock, timing propagation is disabled at the pin.
W: STA-3011: Clock pin 'u_ipsl_hmic_h_top/u_ipsl_hmic_h_phy_top/u_phy_io_v1_1/iob_22_dut/opit_1_IOL/SERCLK' (gopOMDDR.SERCLK) has no clock, timing propagation is disabled at the pin.
W: STA-3011: Clock pin 'u_ipsl_hmic_h_top/u_ipsl_hmic_h_phy_top/u_phy_io_v1_1/iob_22_dut/opit_1_IOL/SYSCLK' (gopOMDDR.SYSCLK) has no clock, timing propagation is disabled at the pin.
W: STA-3011: Clock pin 'u_ipsl_hmic_h_top/u_ipsl_hmic_h_phy_top/u_phy_io_v1_1/iob_22_dut/opit_1_IOL/TCLK' (gopOMDDR.TCLK) has no clock, timing propagation is disabled at the pin.
W: STA-3011: Clock pin 'u_ipsl_hmic_h_top/u_ipsl_hmic_h_phy_top/u_phy_io_v1_1/iob_23_dut/opit_1_IOL/SERCLK' (gopOMDDR.SERCLK) has no clock, timing propagation is disabled at the pin.
W: STA-3011: Clock pin 'u_ipsl_hmic_h_top/u_ipsl_hmic_h_phy_top/u_phy_io_v1_1/iob_23_dut/opit_1_IOL/SYSCLK' (gopOMDDR.SYSCLK) has no clock, timing propagation is disabled at the pin.
W: STA-3011: Clock pin 'u_ipsl_hmic_h_top/u_ipsl_hmic_h_phy_top/u_phy_io_v1_1/iob_23_dut/opit_1_IOL/TCLK' (gopOMDDR.TCLK) has no clock, timing propagation is disabled at the pin.
W: STA-3011: Clock pin 'u_ipsl_hmic_h_top/u_ipsl_hmic_h_phy_top/u_phy_io_v1_1/iob_24_dut/opit_1_IOL/SERCLK' (gopOMDDR.SERCLK) has no clock, timing propagation is disabled at the pin.
W: STA-3011: Clock pin 'u_ipsl_hmic_h_top/u_ipsl_hmic_h_phy_top/u_phy_io_v1_1/iob_24_dut/opit_1_IOL/SYSCLK' (gopOMDDR.SYSCLK) has no clock, timing propagation is disabled at the pin.
W: STA-3011: Clock pin 'u_ipsl_hmic_h_top/u_ipsl_hmic_h_phy_top/u_phy_io_v1_1/iob_24_dut/opit_1_IOL/TCLK' (gopOMDDR.TCLK) has no clock, timing propagation is disabled at the pin.
W: STA-3011: Clock pin 'u_ipsl_hmic_h_top/u_ipsl_hmic_h_phy_top/u_phy_io_v1_1/iob_25_dut/opit_1_IOL/SERCLK' (gopOMDDR.SERCLK) has no clock, timing propagation is disabled at the pin.
W: STA-3011: Clock pin 'u_ipsl_hmic_h_top/u_ipsl_hmic_h_phy_top/u_phy_io_v1_1/iob_25_dut/opit_1_IOL/SYSCLK' (gopOMDDR.SYSCLK) has no clock, timing propagation is disabled at the pin.
W: STA-3011: Clock pin 'u_ipsl_hmic_h_top/u_ipsl_hmic_h_phy_top/u_phy_io_v1_1/iob_25_dut/opit_1_IOL/TCLK' (gopOMDDR.TCLK) has no clock, timing propagation is disabled at the pin.
W: STA-3011: Clock pin 'u_ipsl_hmic_h_top/u_ipsl_hmic_h_phy_top/u_phy_io_v1_1/iob_37_dut/opit_1_IOL/SERCLK' (gopOMDDR.SERCLK) has no clock, timing propagation is disabled at the pin.
W: STA-3011: Clock pin 'u_ipsl_hmic_h_top/u_ipsl_hmic_h_phy_top/u_phy_io_v1_1/iob_37_dut/opit_1_IOL/SYSCLK' (gopOMDDR.SYSCLK) has no clock, timing propagation is disabled at the pin.
W: STA-3011: Clock pin 'u_ipsl_hmic_h_top/u_ipsl_hmic_h_phy_top/u_phy_io_v1_1/iob_37_dut/opit_1_IOL/TCLK' (gopOMDDR.TCLK) has no clock, timing propagation is disabled at the pin.
W: STA-3011: Clock pin 'u_ipsl_hmic_h_top/u_ipsl_hmic_h_phy_top/u_phy_io_v1_1/iob_40_dut/opit_1_IOL/SERCLK' (gopOMDDR.SERCLK) has no clock, timing propagation is disabled at the pin.
W: STA-3011: Clock pin 'u_ipsl_hmic_h_top/u_ipsl_hmic_h_phy_top/u_phy_io_v1_1/iob_40_dut/opit_1_IOL/SYSCLK' (gopOMDDR.SYSCLK) has no clock, timing propagation is disabled at the pin.
W: STA-3011: Clock pin 'u_ipsl_hmic_h_top/u_ipsl_hmic_h_phy_top/u_phy_io_v1_1/iob_40_dut/opit_1_IOL/TCLK' (gopOMDDR.TCLK) has no clock, timing propagation is disabled at the pin.
W: STA-3011: Clock pin 'u_ipsl_hmic_h_top/u_ipsl_hmic_h_phy_top/u_phy_io_v1_1/iob_41_dut/opit_1_IOL/SERCLK' (gopOMDDR.SERCLK) has no clock, timing propagation is disabled at the pin.
W: STA-3011: Clock pin 'u_ipsl_hmic_h_top/u_ipsl_hmic_h_phy_top/u_phy_io_v1_1/iob_41_dut/opit_1_IOL/SYSCLK' (gopOMDDR.SYSCLK) has no clock, timing propagation is disabled at the pin.
W: STA-3011: Clock pin 'u_ipsl_hmic_h_top/u_ipsl_hmic_h_phy_top/u_phy_io_v1_1/iob_41_dut/opit_1_IOL/TCLK' (gopOMDDR.TCLK) has no clock, timing propagation is disabled at the pin.
W: STA-3011: Clock pin 'u_ipsl_hmic_h_top/u_ipsl_hmic_h_phy_top/u_phy_io_v1_1/iob_42_dut/opit_1_IOL/SERCLK' (gopOMDDR.SERCLK) has no clock, timing propagation is disabled at the pin.
W: STA-3011: Clock pin 'u_ipsl_hmic_h_top/u_ipsl_hmic_h_phy_top/u_phy_io_v1_1/iob_42_dut/opit_1_IOL/SYSCLK' (gopOMDDR.SYSCLK) has no clock, timing propagation is disabled at the pin.
W: STA-3011: Clock pin 'u_ipsl_hmic_h_top/u_ipsl_hmic_h_phy_top/u_phy_io_v1_1/iob_42_dut/opit_1_IOL/TCLK' (gopOMDDR.TCLK) has no clock, timing propagation is disabled at the pin.
W: STA-3011: Clock pin 'u_ipsl_hmic_h_top/u_ipsl_hmic_h_phy_top/u_phy_io_v1_1/iob_43_dut/opit_1_IOL/SERCLK' (gopOMDDR.SERCLK) has no clock, timing propagation is disabled at the pin.
W: STA-3011: Clock pin 'u_ipsl_hmic_h_top/u_ipsl_hmic_h_phy_top/u_phy_io_v1_1/iob_43_dut/opit_1_IOL/SYSCLK' (gopOMDDR.SYSCLK) has no clock, timing propagation is disabled at the pin.
W: STA-3011: Clock pin 'u_ipsl_hmic_h_top/u_ipsl_hmic_h_phy_top/u_phy_io_v1_1/iob_43_dut/opit_1_IOL/TCLK' (gopOMDDR.TCLK) has no clock, timing propagation is disabled at the pin.
W: STA-3011: Clock pin 'u_ipsl_hmic_h_top/u_ipsl_hmic_h_phy_top/u_phy_io_v1_1/iob_44_dut/opit_1_IOL/SERCLK' (gopOMDDR.SERCLK) has no clock, timing propagation is disabled at the pin.
W: STA-3011: Clock pin 'u_ipsl_hmic_h_top/u_ipsl_hmic_h_phy_top/u_phy_io_v1_1/iob_44_dut/opit_1_IOL/SYSCLK' (gopOMDDR.SYSCLK) has no clock, timing propagation is disabled at the pin.
W: STA-3011: Clock pin 'u_ipsl_hmic_h_top/u_ipsl_hmic_h_phy_top/u_phy_io_v1_1/iob_44_dut/opit_1_IOL/TCLK' (gopOMDDR.TCLK) has no clock, timing propagation is disabled at the pin.
W: STA-3011: Clock pin 'u_ipsl_hmic_h_top/u_ipsl_hmic_h_phy_top/u_phy_io_v1_1/iob_45_dut/opit_1_IOL/SERCLK' (gopOMDDR.SERCLK) has no clock, timing propagation is disabled at the pin.
W: STA-3011: Clock pin 'u_ipsl_hmic_h_top/u_ipsl_hmic_h_phy_top/u_phy_io_v1_1/iob_45_dut/opit_1_IOL/SYSCLK' (gopOMDDR.SYSCLK) has no clock, timing propagation is disabled at the pin.
W: STA-3011: Clock pin 'u_ipsl_hmic_h_top/u_ipsl_hmic_h_phy_top/u_phy_io_v1_1/iob_45_dut/opit_1_IOL/TCLK' (gopOMDDR.TCLK) has no clock, timing propagation is disabled at the pin.
W: STA-3011: Clock pin 'u_ipsl_hmic_h_top/u_ipsl_hmic_h_phy_top/u_phy_io_v1_1/iob_46_dut/opit_1_IOL/SERCLK' (gopOMDDR.SERCLK) has no clock, timing propagation is disabled at the pin.
W: STA-3011: Clock pin 'u_ipsl_hmic_h_top/u_ipsl_hmic_h_phy_top/u_phy_io_v1_1/iob_46_dut/opit_1_IOL/SYSCLK' (gopOMDDR.SYSCLK) has no clock, timing propagation is disabled at the pin.
W: STA-3011: Clock pin 'u_ipsl_hmic_h_top/u_ipsl_hmic_h_phy_top/u_phy_io_v1_1/iob_46_dut/opit_1_IOL/TCLK' (gopOMDDR.TCLK) has no clock, timing propagation is disabled at the pin.
W: STA-3011: Clock pin 'u_ipsl_hmic_h_top/u_ipsl_hmic_h_phy_top/u_phy_io_v1_1/iob_47_dut/opit_1_IOL/SERCLK' (gopOMDDR.SERCLK) has no clock, timing propagation is disabled at the pin.
W: STA-3011: Clock pin 'u_ipsl_hmic_h_top/u_ipsl_hmic_h_phy_top/u_phy_io_v1_1/iob_47_dut/opit_1_IOL/SYSCLK' (gopOMDDR.SYSCLK) has no clock, timing propagation is disabled at the pin.
W: STA-3011: Clock pin 'u_ipsl_hmic_h_top/u_ipsl_hmic_h_phy_top/u_phy_io_v1_1/iob_47_dut/opit_1_IOL/TCLK' (gopOMDDR.TCLK) has no clock, timing propagation is disabled at the pin.
W: STA-3011: Clock pin 'u_ipsl_hmic_h_top/u_ipsl_hmic_h_phy_top/u_phy_io_v1_1/iob_48_dut/opit_1_IOL/SERCLK' (gopOMDDR.SERCLK) has no clock, timing propagation is disabled at the pin.
W: STA-3011: Clock pin 'u_ipsl_hmic_h_top/u_ipsl_hmic_h_phy_top/u_phy_io_v1_1/iob_48_dut/opit_1_IOL/SYSCLK' (gopOMDDR.SYSCLK) has no clock, timing propagation is disabled at the pin.
W: STA-3011: Clock pin 'u_ipsl_hmic_h_top/u_ipsl_hmic_h_phy_top/u_phy_io_v1_1/iob_48_dut/opit_1_IOL/TCLK' (gopOMDDR.TCLK) has no clock, timing propagation is disabled at the pin.
W: STA-3011: Clock pin 'u_ipsl_hmic_h_top/u_ipsl_hmic_h_phy_top/u_phy_io_v1_1/iob_49_dut/opit_1_IOL/SERCLK' (gopOMDDR.SERCLK) has no clock, timing propagation is disabled at the pin.
W: STA-3011: Clock pin 'u_ipsl_hmic_h_top/u_ipsl_hmic_h_phy_top/u_phy_io_v1_1/iob_49_dut/opit_1_IOL/SYSCLK' (gopOMDDR.SYSCLK) has no clock, timing propagation is disabled at the pin.
W: STA-3011: Clock pin 'u_ipsl_hmic_h_top/u_ipsl_hmic_h_phy_top/u_phy_io_v1_1/iob_49_dut/opit_1_IOL/TCLK' (gopOMDDR.TCLK) has no clock, timing propagation is disabled at the pin.
W: STA-3011: Clock pin 'u_ipsl_hmic_h_top/u_ipsl_hmic_h_phy_top/u_phy_io_v1_1/iob_51_dut/opit_1_IOL/SERCLK' (gopOMDDR.SERCLK) has no clock, timing propagation is disabled at the pin.
W: STA-3011: Clock pin 'u_ipsl_hmic_h_top/u_ipsl_hmic_h_phy_top/u_phy_io_v1_1/iob_51_dut/opit_1_IOL/SYSCLK' (gopOMDDR.SYSCLK) has no clock, timing propagation is disabled at the pin.
W: STA-3011: Clock pin 'u_ipsl_hmic_h_top/u_ipsl_hmic_h_phy_top/u_phy_io_v1_1/iob_51_dut/opit_1_IOL/TCLK' (gopOMDDR.TCLK) has no clock, timing propagation is disabled at the pin.
W: STA-3011: Clock pin 'u_ipsl_hmic_h_top/u_ipsl_hmic_h_phy_top/u_phy_io_v1_1/iob_52_dut/opit_1_IOL/SERCLK' (gopOMDDR.SERCLK) has no clock, timing propagation is disabled at the pin.
W: STA-3011: Clock pin 'u_ipsl_hmic_h_top/u_ipsl_hmic_h_phy_top/u_phy_io_v1_1/iob_52_dut/opit_1_IOL/SYSCLK' (gopOMDDR.SYSCLK) has no clock, timing propagation is disabled at the pin.
W: STA-3011: Clock pin 'u_ipsl_hmic_h_top/u_ipsl_hmic_h_phy_top/u_phy_io_v1_1/iob_52_dut/opit_1_IOL/TCLK' (gopOMDDR.TCLK) has no clock, timing propagation is disabled at the pin.
W: STA-3011: Clock pin 'u_ipsl_hmic_h_top/u_ipsl_hmic_h_phy_top/u_phy_io_v1_1/iob_55_dut/opit_1_IOL/SERCLK' (gopOMDDR.SERCLK) has no clock, timing propagation is disabled at the pin.
W: STA-3011: Clock pin 'u_ipsl_hmic_h_top/u_ipsl_hmic_h_phy_top/u_phy_io_v1_1/iob_55_dut/opit_1_IOL/SYSCLK' (gopOMDDR.SYSCLK) has no clock, timing propagation is disabled at the pin.
W: STA-3011: Clock pin 'u_ipsl_hmic_h_top/u_ipsl_hmic_h_phy_top/u_phy_io_v1_1/iob_55_dut/opit_1_IOL/TCLK' (gopOMDDR.TCLK) has no clock, timing propagation is disabled at the pin.
W: STA-3011: Clock pin 'u_ipsl_hmic_h_top/u_ipsl_hmic_h_phy_top/u_phy_io_v1_1/iob_56_dut/opit_1_IOL/SERCLK' (gopOMDDR.SERCLK) has no clock, timing propagation is disabled at the pin.
W: STA-3011: Clock pin 'u_ipsl_hmic_h_top/u_ipsl_hmic_h_phy_top/u_phy_io_v1_1/iob_56_dut/opit_1_IOL/SYSCLK' (gopOMDDR.SYSCLK) has no clock, timing propagation is disabled at the pin.
W: STA-3011: Clock pin 'u_ipsl_hmic_h_top/u_ipsl_hmic_h_phy_top/u_phy_io_v1_1/iob_56_dut/opit_1_IOL/TCLK' (gopOMDDR.TCLK) has no clock, timing propagation is disabled at the pin.
W: STA-3011: Clock pin 'u_ipsl_hmic_h_top/u_ipsl_hmic_h_phy_top/u_phy_io_v1_1/iob_57_dut/opit_1_IOL/SERCLK' (gopOMDDR.SERCLK) has no clock, timing propagation is disabled at the pin.
W: STA-3011: Clock pin 'u_ipsl_hmic_h_top/u_ipsl_hmic_h_phy_top/u_phy_io_v1_1/iob_57_dut/opit_1_IOL/SYSCLK' (gopOMDDR.SYSCLK) has no clock, timing propagation is disabled at the pin.
W: STA-3011: Clock pin 'u_ipsl_hmic_h_top/u_ipsl_hmic_h_phy_top/u_phy_io_v1_1/iob_57_dut/opit_1_IOL/TCLK' (gopOMDDR.TCLK) has no clock, timing propagation is disabled at the pin.
W: STA-3011: Clock pin 'u_ipsl_hmic_h_top/u_ipsl_hmic_h_phy_top/u_phy_io_v1_1/iob_58_dut/opit_1_IOL/SERCLK' (gopOMDDR.SERCLK) has no clock, timing propagation is disabled at the pin.
W: STA-3011: Clock pin 'u_ipsl_hmic_h_top/u_ipsl_hmic_h_phy_top/u_phy_io_v1_1/iob_58_dut/opit_1_IOL/SYSCLK' (gopOMDDR.SYSCLK) has no clock, timing propagation is disabled at the pin.
W: STA-3011: Clock pin 'u_ipsl_hmic_h_top/u_ipsl_hmic_h_phy_top/u_phy_io_v1_1/iob_58_dut/opit_1_IOL/TCLK' (gopOMDDR.TCLK) has no clock, timing propagation is disabled at the pin.
W: STA-3011: Clock pin 'u_ipsl_hmic_h_top/u_ipsl_hmic_h_phy_top/u_phy_io_v1_1/iob_59_dut/opit_1_IOL/SERCLK' (gopOMDDR.SERCLK) has no clock, timing propagation is disabled at the pin.
W: STA-3011: Clock pin 'u_ipsl_hmic_h_top/u_ipsl_hmic_h_phy_top/u_phy_io_v1_1/iob_59_dut/opit_1_IOL/SYSCLK' (gopOMDDR.SYSCLK) has no clock, timing propagation is disabled at the pin.
W: STA-3011: Clock pin 'u_ipsl_hmic_h_top/u_ipsl_hmic_h_phy_top/u_phy_io_v1_1/iob_59_dut/opit_1_IOL/TCLK' (gopOMDDR.TCLK) has no clock, timing propagation is disabled at the pin.
W: STA-3011: Clock pin 'u_ipsl_hmic_h_top/u_ipsl_hmic_h_phy_top/u_phy_io_v1_1/iol_iddr3_dut/gateop_inv_IO/ICLK' (gopIOMDDRDEL.ICLK) has no clock, timing propagation is disabled at the pin.
W: STA-3011: Clock pin 'u_ipsl_hmic_h_top/u_ipsl_hmic_h_phy_top/u_phy_io_v1_1/iol_iddr3_dut/gateop_inv_IO/SERCLK' (gopIOMDDRDEL.SERCLK) has no clock, timing propagation is disabled at the pin.
W: STA-3011: Clock pin 'u_ipsl_hmic_h_top/u_ipsl_hmic_h_phy_top/u_phy_io_v1_1/iol_iddr3_dut/gateop_inv_IO/SYSCLK' (gopIOMDDRDEL.SYSCLK) has no clock, timing propagation is disabled at the pin.
W: STA-3011: Clock pin 'u_ipsl_hmic_h_top/u_ipsl_hmic_h_phy_top/u_phy_io_v1_1/iol_iddr3_dut/gateop_inv_IO/TCLK' (gopIOMDDRDEL.TCLK) has no clock, timing propagation is disabled at the pin.
W: STA-3011: Clock pin 'u_ipsl_hmic_h_top/u_ipsl_hmic_h_phy_top/u_phy_io_v1_1/iol_iddr4_dut/gateop_inv_IO/ICLK' (gopIOMDDRDEL.ICLK) has no clock, timing propagation is disabled at the pin.
W: STA-3011: Clock pin 'u_ipsl_hmic_h_top/u_ipsl_hmic_h_phy_top/u_phy_io_v1_1/iol_iddr4_dut/gateop_inv_IO/SERCLK' (gopIOMDDRDEL.SERCLK) has no clock, timing propagation is disabled at the pin.
W: STA-3011: Clock pin 'u_ipsl_hmic_h_top/u_ipsl_hmic_h_phy_top/u_phy_io_v1_1/iol_iddr4_dut/gateop_inv_IO/SYSCLK' (gopIOMDDRDEL.SYSCLK) has no clock, timing propagation is disabled at the pin.
W: STA-3011: Clock pin 'u_ipsl_hmic_h_top/u_ipsl_hmic_h_phy_top/u_phy_io_v1_1/iol_iddr4_dut/gateop_inv_IO/TCLK' (gopIOMDDRDEL.TCLK) has no clock, timing propagation is disabled at the pin.
W: STA-3011: Clock pin 'u_ipsl_hmic_h_top/u_ipsl_hmic_h_phy_top/u_phy_io_v1_1/iol_iddr5_dut/gateop_inv_IO/ICLK' (gopIOMDDRDEL.ICLK) has no clock, timing propagation is disabled at the pin.
W: STA-3011: Clock pin 'u_ipsl_hmic_h_top/u_ipsl_hmic_h_phy_top/u_phy_io_v1_1/iol_iddr5_dut/gateop_inv_IO/SERCLK' (gopIOMDDRDEL.SERCLK) has no clock, timing propagation is disabled at the pin.
W: STA-3011: Clock pin 'u_ipsl_hmic_h_top/u_ipsl_hmic_h_phy_top/u_phy_io_v1_1/iol_iddr5_dut/gateop_inv_IO/SYSCLK' (gopIOMDDRDEL.SYSCLK) has no clock, timing propagation is disabled at the pin.
W: STA-3011: Clock pin 'u_ipsl_hmic_h_top/u_ipsl_hmic_h_phy_top/u_phy_io_v1_1/iol_iddr5_dut/gateop_inv_IO/TCLK' (gopIOMDDRDEL.TCLK) has no clock, timing propagation is disabled at the pin.
W: STA-3011: Clock pin 'u_ipsl_hmic_h_top/u_ipsl_hmic_h_phy_top/u_phy_io_v1_1/iol_iddr6_dut/gateop_inv_IO/ICLK' (gopIOMDDRDEL.ICLK) has no clock, timing propagation is disabled at the pin.
W: STA-3011: Clock pin 'u_ipsl_hmic_h_top/u_ipsl_hmic_h_phy_top/u_phy_io_v1_1/iol_iddr6_dut/gateop_inv_IO/SERCLK' (gopIOMDDRDEL.SERCLK) has no clock, timing propagation is disabled at the pin.
W: STA-3011: Clock pin 'u_ipsl_hmic_h_top/u_ipsl_hmic_h_phy_top/u_phy_io_v1_1/iol_iddr6_dut/gateop_inv_IO/SYSCLK' (gopIOMDDRDEL.SYSCLK) has no clock, timing propagation is disabled at the pin.
W: STA-3011: Clock pin 'u_ipsl_hmic_h_top/u_ipsl_hmic_h_phy_top/u_phy_io_v1_1/iol_iddr6_dut/gateop_inv_IO/TCLK' (gopIOMDDRDEL.TCLK) has no clock, timing propagation is disabled at the pin.
W: STA-3011: Clock pin 'u_ipsl_hmic_h_top/u_ipsl_hmic_h_phy_top/u_phy_io_v1_1/iol_iddr7_dut/gateop_inv_IO/ICLK' (gopIOMDDRDEL.ICLK) has no clock, timing propagation is disabled at the pin.
W: STA-3011: Clock pin 'u_ipsl_hmic_h_top/u_ipsl_hmic_h_phy_top/u_phy_io_v1_1/iol_iddr7_dut/gateop_inv_IO/SERCLK' (gopIOMDDRDEL.SERCLK) has no clock, timing propagation is disabled at the pin.
W: STA-3011: Clock pin 'u_ipsl_hmic_h_top/u_ipsl_hmic_h_phy_top/u_phy_io_v1_1/iol_iddr7_dut/gateop_inv_IO/SYSCLK' (gopIOMDDRDEL.SYSCLK) has no clock, timing propagation is disabled at the pin.
W: STA-3011: Clock pin 'u_ipsl_hmic_h_top/u_ipsl_hmic_h_phy_top/u_phy_io_v1_1/iol_iddr7_dut/gateop_inv_IO/TCLK' (gopIOMDDRDEL.TCLK) has no clock, timing propagation is disabled at the pin.
W: STA-3011: Clock pin 'u_ipsl_hmic_h_top/u_ipsl_hmic_h_phy_top/u_phy_io_v1_1/iol_iddr10_dut/gateop_inv_IO/ICLK' (gopIOMDDRDEL.ICLK) has no clock, timing propagation is disabled at the pin.
W: STA-3011: Clock pin 'u_ipsl_hmic_h_top/u_ipsl_hmic_h_phy_top/u_phy_io_v1_1/iol_iddr10_dut/gateop_inv_IO/SERCLK' (gopIOMDDRDEL.SERCLK) has no clock, timing propagation is disabled at the pin.
W: STA-3011: Clock pin 'u_ipsl_hmic_h_top/u_ipsl_hmic_h_phy_top/u_phy_io_v1_1/iol_iddr10_dut/gateop_inv_IO/SYSCLK' (gopIOMDDRDEL.SYSCLK) has no clock, timing propagation is disabled at the pin.
W: STA-3011: Clock pin 'u_ipsl_hmic_h_top/u_ipsl_hmic_h_phy_top/u_phy_io_v1_1/iol_iddr10_dut/gateop_inv_IO/TCLK' (gopIOMDDRDEL.TCLK) has no clock, timing propagation is disabled at the pin.
W: STA-3011: Clock pin 'u_ipsl_hmic_h_top/u_ipsl_hmic_h_phy_top/u_phy_io_v1_1/iol_iddr11_dut/gateop_inv_IO/ICLK' (gopIOMDDRDEL.ICLK) has no clock, timing propagation is disabled at the pin.
W: STA-3011: Clock pin 'u_ipsl_hmic_h_top/u_ipsl_hmic_h_phy_top/u_phy_io_v1_1/iol_iddr11_dut/gateop_inv_IO/SERCLK' (gopIOMDDRDEL.SERCLK) has no clock, timing propagation is disabled at the pin.
W: STA-3011: Clock pin 'u_ipsl_hmic_h_top/u_ipsl_hmic_h_phy_top/u_phy_io_v1_1/iol_iddr11_dut/gateop_inv_IO/SYSCLK' (gopIOMDDRDEL.SYSCLK) has no clock, timing propagation is disabled at the pin.
W: STA-3011: Clock pin 'u_ipsl_hmic_h_top/u_ipsl_hmic_h_phy_top/u_phy_io_v1_1/iol_iddr11_dut/gateop_inv_IO/TCLK' (gopIOMDDRDEL.TCLK) has no clock, timing propagation is disabled at the pin.
W: STA-3011: Clock pin 'u_ipsl_hmic_h_top/u_ipsl_hmic_h_phy_top/u_phy_io_v1_1/iol_iddr12_dut/gateop_inv_IO/ICLK' (gopIOMDDRDEL.ICLK) has no clock, timing propagation is disabled at the pin.
W: STA-3011: Clock pin 'u_ipsl_hmic_h_top/u_ipsl_hmic_h_phy_top/u_phy_io_v1_1/iol_iddr12_dut/gateop_inv_IO/SERCLK' (gopIOMDDRDEL.SERCLK) has no clock, timing propagation is disabled at the pin.
W: STA-3011: Clock pin 'u_ipsl_hmic_h_top/u_ipsl_hmic_h_phy_top/u_phy_io_v1_1/iol_iddr12_dut/gateop_inv_IO/SYSCLK' (gopIOMDDRDEL.SYSCLK) has no clock, timing propagation is disabled at the pin.
W: STA-3011: Clock pin 'u_ipsl_hmic_h_top/u_ipsl_hmic_h_phy_top/u_phy_io_v1_1/iol_iddr12_dut/gateop_inv_IO/TCLK' (gopIOMDDRDEL.TCLK) has no clock, timing propagation is disabled at the pin.
W: STA-3011: Clock pin 'u_ipsl_hmic_h_top/u_ipsl_hmic_h_phy_top/u_phy_io_v1_1/iol_iddr27_dut/gateop_inv_IO/ICLK' (gopIOMDDRDEL.ICLK) has no clock, timing propagation is disabled at the pin.
W: STA-3011: Clock pin 'u_ipsl_hmic_h_top/u_ipsl_hmic_h_phy_top/u_phy_io_v1_1/iol_iddr27_dut/gateop_inv_IO/SERCLK' (gopIOMDDRDEL.SERCLK) has no clock, timing propagation is disabled at the pin.
W: STA-3011: Clock pin 'u_ipsl_hmic_h_top/u_ipsl_hmic_h_phy_top/u_phy_io_v1_1/iol_iddr27_dut/gateop_inv_IO/SYSCLK' (gopIOMDDRDEL.SYSCLK) has no clock, timing propagation is disabled at the pin.
W: STA-3011: Clock pin 'u_ipsl_hmic_h_top/u_ipsl_hmic_h_phy_top/u_phy_io_v1_1/iol_iddr27_dut/gateop_inv_IO/TCLK' (gopIOMDDRDEL.TCLK) has no clock, timing propagation is disabled at the pin.
W: STA-3011: Clock pin 'u_ipsl_hmic_h_top/u_ipsl_hmic_h_phy_top/u_phy_io_v1_1/iol_iddr28_dut/gateop_inv_IO/ICLK' (gopIOMDDRDEL.ICLK) has no clock, timing propagation is disabled at the pin.
W: STA-3011: Clock pin 'u_ipsl_hmic_h_top/u_ipsl_hmic_h_phy_top/u_phy_io_v1_1/iol_iddr28_dut/gateop_inv_IO/SERCLK' (gopIOMDDRDEL.SERCLK) has no clock, timing propagation is disabled at the pin.
W: STA-3011: Clock pin 'u_ipsl_hmic_h_top/u_ipsl_hmic_h_phy_top/u_phy_io_v1_1/iol_iddr28_dut/gateop_inv_IO/SYSCLK' (gopIOMDDRDEL.SYSCLK) has no clock, timing propagation is disabled at the pin.
W: STA-3011: Clock pin 'u_ipsl_hmic_h_top/u_ipsl_hmic_h_phy_top/u_phy_io_v1_1/iol_iddr28_dut/gateop_inv_IO/TCLK' (gopIOMDDRDEL.TCLK) has no clock, timing propagation is disabled at the pin.
W: STA-3011: Clock pin 'u_ipsl_hmic_h_top/u_ipsl_hmic_h_phy_top/u_phy_io_v1_1/iol_iddr29_dut/gateop_inv_IO/ICLK' (gopIOMDDRDEL.ICLK) has no clock, timing propagation is disabled at the pin.
W: STA-3011: Clock pin 'u_ipsl_hmic_h_top/u_ipsl_hmic_h_phy_top/u_phy_io_v1_1/iol_iddr29_dut/gateop_inv_IO/SERCLK' (gopIOMDDRDEL.SERCLK) has no clock, timing propagation is disabled at the pin.
W: STA-3011: Clock pin 'u_ipsl_hmic_h_top/u_ipsl_hmic_h_phy_top/u_phy_io_v1_1/iol_iddr29_dut/gateop_inv_IO/SYSCLK' (gopIOMDDRDEL.SYSCLK) has no clock, timing propagation is disabled at the pin.
W: STA-3011: Clock pin 'u_ipsl_hmic_h_top/u_ipsl_hmic_h_phy_top/u_phy_io_v1_1/iol_iddr29_dut/gateop_inv_IO/TCLK' (gopIOMDDRDEL.TCLK) has no clock, timing propagation is disabled at the pin.
W: STA-3011: Clock pin 'u_ipsl_hmic_h_top/u_ipsl_hmic_h_phy_top/u_phy_io_v1_1/iol_iddr32_dut/gateop_inv_IO/ICLK' (gopIOMDDRDEL.ICLK) has no clock, timing propagation is disabled at the pin.
W: STA-3011: Clock pin 'u_ipsl_hmic_h_top/u_ipsl_hmic_h_phy_top/u_phy_io_v1_1/iol_iddr32_dut/gateop_inv_IO/SERCLK' (gopIOMDDRDEL.SERCLK) has no clock, timing propagation is disabled at the pin.
W: STA-3011: Clock pin 'u_ipsl_hmic_h_top/u_ipsl_hmic_h_phy_top/u_phy_io_v1_1/iol_iddr32_dut/gateop_inv_IO/SYSCLK' (gopIOMDDRDEL.SYSCLK) has no clock, timing propagation is disabled at the pin.
W: STA-3011: Clock pin 'u_ipsl_hmic_h_top/u_ipsl_hmic_h_phy_top/u_phy_io_v1_1/iol_iddr32_dut/gateop_inv_IO/TCLK' (gopIOMDDRDEL.TCLK) has no clock, timing propagation is disabled at the pin.
W: STA-3011: Clock pin 'u_ipsl_hmic_h_top/u_ipsl_hmic_h_phy_top/u_phy_io_v1_1/iol_iddr33_dut/gateop_inv_IO/ICLK' (gopIOMDDRDEL.ICLK) has no clock, timing propagation is disabled at the pin.
W: STA-3011: Clock pin 'u_ipsl_hmic_h_top/u_ipsl_hmic_h_phy_top/u_phy_io_v1_1/iol_iddr33_dut/gateop_inv_IO/SERCLK' (gopIOMDDRDEL.SERCLK) has no clock, timing propagation is disabled at the pin.
W: STA-3011: Clock pin 'u_ipsl_hmic_h_top/u_ipsl_hmic_h_phy_top/u_phy_io_v1_1/iol_iddr33_dut/gateop_inv_IO/SYSCLK' (gopIOMDDRDEL.SYSCLK) has no clock, timing propagation is disabled at the pin.
W: STA-3011: Clock pin 'u_ipsl_hmic_h_top/u_ipsl_hmic_h_phy_top/u_phy_io_v1_1/iol_iddr33_dut/gateop_inv_IO/TCLK' (gopIOMDDRDEL.TCLK) has no clock, timing propagation is disabled at the pin.
W: STA-3011: Clock pin 'u_ipsl_hmic_h_top/u_ipsl_hmic_h_phy_top/u_phy_io_v1_1/iol_iddr34_dut/gateop_inv_IO/ICLK' (gopIOMDDRDEL.ICLK) has no clock, timing propagation is disabled at the pin.
W: STA-3011: Clock pin 'u_ipsl_hmic_h_top/u_ipsl_hmic_h_phy_top/u_phy_io_v1_1/iol_iddr34_dut/gateop_inv_IO/SERCLK' (gopIOMDDRDEL.SERCLK) has no clock, timing propagation is disabled at the pin.
W: STA-3011: Clock pin 'u_ipsl_hmic_h_top/u_ipsl_hmic_h_phy_top/u_phy_io_v1_1/iol_iddr34_dut/gateop_inv_IO/SYSCLK' (gopIOMDDRDEL.SYSCLK) has no clock, timing propagation is disabled at the pin.
W: STA-3011: Clock pin 'u_ipsl_hmic_h_top/u_ipsl_hmic_h_phy_top/u_phy_io_v1_1/iol_iddr34_dut/gateop_inv_IO/TCLK' (gopIOMDDRDEL.TCLK) has no clock, timing propagation is disabled at the pin.
W: STA-3011: Clock pin 'u_ipsl_hmic_h_top/u_ipsl_hmic_h_phy_top/u_phy_io_v1_1/iol_iddr35_dut/gateop_inv_IO/ICLK' (gopIOMDDRDEL.ICLK) has no clock, timing propagation is disabled at the pin.
W: STA-3011: Clock pin 'u_ipsl_hmic_h_top/u_ipsl_hmic_h_phy_top/u_phy_io_v1_1/iol_iddr35_dut/gateop_inv_IO/SERCLK' (gopIOMDDRDEL.SERCLK) has no clock, timing propagation is disabled at the pin.
W: STA-3011: Clock pin 'u_ipsl_hmic_h_top/u_ipsl_hmic_h_phy_top/u_phy_io_v1_1/iol_iddr35_dut/gateop_inv_IO/SYSCLK' (gopIOMDDRDEL.SYSCLK) has no clock, timing propagation is disabled at the pin.
W: STA-3011: Clock pin 'u_ipsl_hmic_h_top/u_ipsl_hmic_h_phy_top/u_phy_io_v1_1/iol_iddr35_dut/gateop_inv_IO/TCLK' (gopIOMDDRDEL.TCLK) has no clock, timing propagation is disabled at the pin.
W: STA-3011: Clock pin 'u_ipsl_hmic_h_top/u_ipsl_hmic_h_phy_top/u_phy_io_v1_1/iol_iddr36_dut/gateop_inv_IO/ICLK' (gopIOMDDRDEL.ICLK) has no clock, timing propagation is disabled at the pin.
W: STA-3011: Clock pin 'u_ipsl_hmic_h_top/u_ipsl_hmic_h_phy_top/u_phy_io_v1_1/iol_iddr36_dut/gateop_inv_IO/SERCLK' (gopIOMDDRDEL.SERCLK) has no clock, timing propagation is disabled at the pin.
W: STA-3011: Clock pin 'u_ipsl_hmic_h_top/u_ipsl_hmic_h_phy_top/u_phy_io_v1_1/iol_iddr36_dut/gateop_inv_IO/SYSCLK' (gopIOMDDRDEL.SYSCLK) has no clock, timing propagation is disabled at the pin.
W: STA-3011: Clock pin 'u_ipsl_hmic_h_top/u_ipsl_hmic_h_phy_top/u_phy_io_v1_1/iol_iddr36_dut/gateop_inv_IO/TCLK' (gopIOMDDRDEL.TCLK) has no clock, timing propagation is disabled at the pin.
W: Timing-4086: Port 'pad_dq_ch0[0]' is not constrained, it is treated as combinational input.
W: Timing-4087: Port 'pad_dq_ch0[0]' is not constrained, it is treated as combinational output.
W: Timing-4086: Port 'pad_dq_ch0[1]' is not constrained, it is treated as combinational input.
W: Timing-4087: Port 'pad_dq_ch0[1]' is not constrained, it is treated as combinational output.
W: Timing-4086: Port 'pad_dq_ch0[2]' is not constrained, it is treated as combinational input.
W: Timing-4087: Port 'pad_dq_ch0[2]' is not constrained, it is treated as combinational output.
W: Timing-4086: Port 'pad_dq_ch0[3]' is not constrained, it is treated as combinational input.
W: Timing-4087: Port 'pad_dq_ch0[3]' is not constrained, it is treated as combinational output.
W: Timing-4086: Port 'pad_dq_ch0[4]' is not constrained, it is treated as combinational input.
W: Timing-4087: Port 'pad_dq_ch0[4]' is not constrained, it is treated as combinational output.
W: Timing-4086: Port 'pad_dq_ch0[5]' is not constrained, it is treated as combinational input.
W: Timing-4087: Port 'pad_dq_ch0[5]' is not constrained, it is treated as combinational output.
W: Timing-4086: Port 'pad_dq_ch0[6]' is not constrained, it is treated as combinational input.
W: Timing-4087: Port 'pad_dq_ch0[6]' is not constrained, it is treated as combinational output.
W: Timing-4086: Port 'pad_dq_ch0[7]' is not constrained, it is treated as combinational input.
W: Timing-4087: Port 'pad_dq_ch0[7]' is not constrained, it is treated as combinational output.
W: Timing-4086: Port 'pad_dq_ch0[8]' is not constrained, it is treated as combinational input.
W: Timing-4087: Port 'pad_dq_ch0[8]' is not constrained, it is treated as combinational output.
W: Timing-4086: Port 'pad_dq_ch0[9]' is not constrained, it is treated as combinational input.
W: Timing-4087: Port 'pad_dq_ch0[9]' is not constrained, it is treated as combinational output.
W: Timing-4086: Port 'pad_dq_ch0[10]' is not constrained, it is treated as combinational input.
W: Timing-4087: Port 'pad_dq_ch0[10]' is not constrained, it is treated as combinational output.
W: Timing-4086: Port 'pad_dq_ch0[11]' is not constrained, it is treated as combinational input.
W: Timing-4087: Port 'pad_dq_ch0[11]' is not constrained, it is treated as combinational output.
W: Timing-4086: Port 'pad_dq_ch0[12]' is not constrained, it is treated as combinational input.
W: Timing-4087: Port 'pad_dq_ch0[12]' is not constrained, it is treated as combinational output.
W: Timing-4086: Port 'pad_dq_ch0[13]' is not constrained, it is treated as combinational input.
W: Timing-4087: Port 'pad_dq_ch0[13]' is not constrained, it is treated as combinational output.
W: Timing-4086: Port 'pad_dq_ch0[14]' is not constrained, it is treated as combinational input.
W: Timing-4087: Port 'pad_dq_ch0[14]' is not constrained, it is treated as combinational output.
W: Timing-4086: Port 'pad_dq_ch0[15]' is not constrained, it is treated as combinational input.
W: Timing-4087: Port 'pad_dq_ch0[15]' is not constrained, it is treated as combinational output.
W: Timing-4086: Port 'pad_dqs_ch0[0]' is not constrained, it is treated as combinational input.
W: Timing-4087: Port 'pad_dqs_ch0[0]' is not constrained, it is treated as combinational output.
W: Timing-4086: Port 'pad_dqs_ch0[1]' is not constrained, it is treated as combinational input.
W: Timing-4087: Port 'pad_dqs_ch0[1]' is not constrained, it is treated as combinational output.
W: Timing-4086: Port 'pad_dqsn_ch0[0]' is not constrained, it is treated as combinational input.
W: Timing-4087: Port 'pad_dqsn_ch0[0]' is not constrained, it is treated as combinational output.
W: Timing-4086: Port 'pad_dqsn_ch0[1]' is not constrained, it is treated as combinational input.
W: Timing-4087: Port 'pad_dqsn_ch0[1]' is not constrained, it is treated as combinational output.
W: Timing-4087: Port 'ddr_init_done' is not constrained, it is treated as combinational output.
W: Timing-4087: Port 'ddrphy_rst_done' is not constrained, it is treated as combinational output.
W: Timing-4087: Port 'ds0' is not constrained, it is treated as combinational output.
W: Timing-4087: Port 'ds1' is not constrained, it is treated as combinational output.
W: Timing-4087: Port 'ds2' is not constrained, it is treated as combinational output.
W: Timing-4087: Port 'ds3' is not constrained, it is treated as combinational output.
W: Timing-4087: Port 'ds4' is not constrained, it is treated as combinational output.
W: Timing-4087: Port 'ds5' is not constrained, it is treated as combinational output.
W: Timing-4087: Port 'pad_addr_ch0[0]' is not constrained, it is treated as combinational output.
W: Timing-4087: Port 'pad_addr_ch0[1]' is not constrained, it is treated as combinational output.
W: Timing-4087: Port 'pad_addr_ch0[2]' is not constrained, it is treated as combinational output.
W: Timing-4087: Port 'pad_addr_ch0[3]' is not constrained, it is treated as combinational output.
W: Timing-4087: Port 'pad_addr_ch0[4]' is not constrained, it is treated as combinational output.
W: Timing-4087: Port 'pad_addr_ch0[5]' is not constrained, it is treated as combinational output.
W: Timing-4087: Port 'pad_addr_ch0[6]' is not constrained, it is treated as combinational output.
W: Timing-4087: Port 'pad_addr_ch0[7]' is not constrained, it is treated as combinational output.
W: Timing-4087: Port 'pad_addr_ch0[8]' is not constrained, it is treated as combinational output.
W: Timing-4087: Port 'pad_addr_ch0[9]' is not constrained, it is treated as combinational output.
W: Timing-4087: Port 'pad_addr_ch0[10]' is not constrained, it is treated as combinational output.
W: Timing-4087: Port 'pad_addr_ch0[11]' is not constrained, it is treated as combinational output.
W: Timing-4087: Port 'pad_addr_ch0[12]' is not constrained, it is treated as combinational output.
W: Timing-4087: Port 'pad_addr_ch0[13]' is not constrained, it is treated as combinational output.
W: Timing-4087: Port 'pad_addr_ch0[14]' is not constrained, it is treated as combinational output.
W: Timing-4087: Port 'pad_addr_ch0[15]' is not constrained, it is treated as combinational output.
W: Timing-4087: Port 'pad_ba_ch0[0]' is not constrained, it is treated as combinational output.
W: Timing-4087: Port 'pad_ba_ch0[1]' is not constrained, it is treated as combinational output.
W: Timing-4087: Port 'pad_ba_ch0[2]' is not constrained, it is treated as combinational output.
W: Timing-4087: Port 'pad_casn_ch0' is not constrained, it is treated as combinational output.
W: Timing-4087: Port 'pad_cke_ch0' is not constrained, it is treated as combinational output.
W: Timing-4087: Port 'pad_csn_ch0' is not constrained, it is treated as combinational output.
W: Timing-4087: Port 'pad_ddr_clk_w' is not constrained, it is treated as combinational output.
W: Timing-4087: Port 'pad_ddr_clkn_w' is not constrained, it is treated as combinational output.
W: Timing-4087: Port 'pad_dm_rdqs_ch0[0]' is not constrained, it is treated as combinational output.
W: Timing-4087: Port 'pad_dm_rdqs_ch0[1]' is not constrained, it is treated as combinational output.
W: Timing-4087: Port 'pad_loop_out' is not constrained, it is treated as combinational output.
W: Timing-4087: Port 'pad_loop_out_h' is not constrained, it is treated as combinational output.
W: Timing-4087: Port 'pad_odt_ch0' is not constrained, it is treated as combinational output.
W: Timing-4087: Port 'pad_rasn_ch0' is not constrained, it is treated as combinational output.
W: Timing-4087: Port 'pad_rstn_ch0' is not constrained, it is treated as combinational output.
W: Timing-4087: Port 'pad_wen_ch0' is not constrained, it is treated as combinational output.
W: Timing-4087: Port 'pll_lock' is not constrained, it is treated as combinational output.
W: Timing-4087: Port 'shcp' is not constrained, it is treated as combinational output.
W: Timing-4087: Port 'stcp' is not constrained, it is treated as combinational output.
W: Timing-4087: Port 'tmds_clk_n' is not constrained, it is treated as combinational output.
W: Timing-4087: Port 'tmds_clk_p' is not constrained, it is treated as combinational output.
W: Timing-4087: Port 'tmds_data_n[0]' is not constrained, it is treated as combinational output.
W: Timing-4087: Port 'tmds_data_n[1]' is not constrained, it is treated as combinational output.
W: Timing-4087: Port 'tmds_data_n[2]' is not constrained, it is treated as combinational output.
W: Timing-4087: Port 'tmds_data_p[0]' is not constrained, it is treated as combinational output.
W: Timing-4087: Port 'tmds_data_p[1]' is not constrained, it is treated as combinational output.
W: Timing-4087: Port 'tmds_data_p[2]' is not constrained, it is treated as combinational output.
W: Timing-4086: Port 'de_input' is not constrained, it is treated as combinational input.
W: Timing-4086: Port 'hs_input' is not constrained, it is treated as combinational input.
W: Timing-4086: Port 'pad_loop_in' is not constrained, it is treated as combinational input.
W: Timing-4086: Port 'pad_loop_in_h' is not constrained, it is treated as combinational input.
W: Timing-4086: Port 'rgb_b[0]' is not constrained, it is treated as combinational input.
W: Timing-4086: Port 'rgb_b[1]' is not constrained, it is treated as combinational input.
W: Timing-4086: Port 'rgb_b[2]' is not constrained, it is treated as combinational input.
W: Timing-4086: Port 'rgb_b[3]' is not constrained, it is treated as combinational input.
W: Timing-4086: Port 'rgb_b[4]' is not constrained, it is treated as combinational input.
W: Timing-4086: Port 'rgb_b[5]' is not constrained, it is treated as combinational input.
W: Timing-4086: Port 'rgb_b[6]' is not constrained, it is treated as combinational input.
W: Timing-4086: Port 'rgb_b[7]' is not constrained, it is treated as combinational input.
W: Timing-4086: Port 'rgb_g[0]' is not constrained, it is treated as combinational input.
W: Timing-4086: Port 'rgb_g[1]' is not constrained, it is treated as combinational input.
W: Timing-4086: Port 'rgb_g[2]' is not constrained, it is treated as combinational input.
W: Timing-4086: Port 'rgb_g[3]' is not constrained, it is treated as combinational input.
W: Timing-4086: Port 'rgb_g[4]' is not constrained, it is treated as combinational input.
W: Timing-4086: Port 'rgb_g[5]' is not constrained, it is treated as combinational input.
W: Timing-4086: Port 'rgb_g[6]' is not constrained, it is treated as combinational input.
W: Timing-4086: Port 'rgb_g[7]' is not constrained, it is treated as combinational input.
W: Timing-4086: Port 'rgb_r[0]' is not constrained, it is treated as combinational input.
W: Timing-4086: Port 'rgb_r[1]' is not constrained, it is treated as combinational input.
W: Timing-4086: Port 'rgb_r[2]' is not constrained, it is treated as combinational input.
W: Timing-4086: Port 'rgb_r[3]' is not constrained, it is treated as combinational input.
W: Timing-4086: Port 'rgb_r[4]' is not constrained, it is treated as combinational input.
W: Timing-4086: Port 'rgb_r[5]' is not constrained, it is treated as combinational input.
W: Timing-4086: Port 'rgb_r[6]' is not constrained, it is treated as combinational input.
W: Timing-4086: Port 'rgb_r[7]' is not constrained, it is treated as combinational input.
W: Timing-4086: Port 'rst_n' is not constrained, it is treated as combinational input.
W: Timing-4086: Port 'vs_input' is not constrained, it is treated as combinational input.
C: STA-3002: Can not calculate least common multiplier between clock sys_clk|u_ipsl_hmic_h_top/u_pll_50_400/u_pll_e1/CLKOUT3_Inferred(period: 10000 ps) and sys_clk|video_pll_m0/u_pll_e1/CLKOUT1_Inferred(period: 13461 ps), its may be asynchronous clocks.
Begin dump timing report
End dump timing report
Action report_timing: Real time elapsed is 8.000 sec
Action report_timing: CPU time elapsed is 7.250 sec
Current time: Tue Nov  8 15:46:16 2022
Action report_timing: Peak memory pool usage is 525,099,008 bytes
Report timing is finished successfully.
